<?xml version="1.0" encoding="UTF-8"?>
<testsuite xmlns:xsi="http://www.w3.org/2001/XMLSchema-instance" xsi:noNamespaceSchemaLocation="https://maven.apache.org/surefire/maven-surefire-plugin/xsd/surefire-test-report-3.0.xsd" version="3.0" name="net.javaguides.springboot.SpringbootKafkaTutorialApplicationTest" time="82.998" tests="1" errors="1" skipped="0" failures="0">
  <properties>
[...]
</properties>
  <testcase name="testMain" classname="net.javaguides.springboot.SpringbootKafkaTutorialApplicationTest" time="82.987">
    <error message="Failed to start bean &apos;webServerStartStop&apos;" type="org.springframework.context.ApplicationContextException"><![CDATA[org.springframework.context.ApplicationContextException: Failed to start bean 'webServerStartStop'
	at org.springframework.context.support.DefaultLifecycleProcessor.doStart(DefaultLifecycleProcessor.java:287)
	at org.springframework.context.support.DefaultLifecycleProcessor$LifecycleGroup.start(DefaultLifecycleProcessor.java:467)
	at java.base/java.lang.Iterable.forEach(Iterable.java:75)
	at org.springframework.context.support.DefaultLifecycleProcessor.startBeans(DefaultLifecycleProcessor.java:256)
	at org.springframework.context.support.DefaultLifecycleProcessor.onRefresh(DefaultLifecycleProcessor.java:201)
	at org.springframework.context.support.AbstractApplicationContext.finishRefresh(AbstractApplicationContext.java:979)
	at org.springframework.context.support.AbstractApplicationContext.refresh(AbstractApplicationContext.java:628)
	at org.springframework.boot.web.servlet.context.ServletWebServerApplicationContext.refresh(ServletWebServerApplicationContext.java:146)
	at org.springframework.boot.SpringApplication.refresh(SpringApplication.java:762)
	at org.springframework.boot.SpringApplication.refreshContext(SpringApplication.java:464)
	at org.springframework.boot.SpringApplication.run(SpringApplication.java:334)
	at org.springframework.boot.SpringApplication.run(SpringApplication.java:1358)
	at org.springframework.boot.SpringApplication.run(SpringApplication.java:1347)
	at net.javaguides.springboot.SpringbootKafkaTutorialApplicationTest.testMain(SpringbootKafkaTutorialApplicationTest.java:23)
	at java.base/java.lang.reflect.Method.invoke(Method.java:568)
	at java.base/java.util.ArrayList.forEach(ArrayList.java:1511)
	at java.base/java.util.ArrayList.forEach(ArrayList.java:1511)
Caused by: org.springframework.boot.web.server.PortInUseException: Port 8080 is already in use
	at org.springframework.boot.web.server.PortInUseException.lambda$throwIfPortBindingException$0(PortInUseException.java:70)
	at org.springframework.boot.web.server.PortInUseException.lambda$ifPortBindingException$1(PortInUseException.java:85)
	at org.springframework.boot.web.server.PortInUseException.ifCausedBy(PortInUseException.java:103)
	at org.springframework.boot.web.server.PortInUseException.ifPortBindingException(PortInUseException.java:82)
	at org.springframework.boot.web.server.PortInUseException.throwIfPortBindingException(PortInUseException.java:69)
	at org.springframework.boot.web.embedded.tomcat.TomcatWebServer.start(TomcatWebServer.java:248)
	at org.springframework.boot.web.servlet.context.WebServerStartStopLifecycle.start(WebServerStartStopLifecycle.java:44)
	at org.springframework.context.support.DefaultLifecycleProcessor.doStart(DefaultLifecycleProcessor.java:284)
	... 16 more
Caused by: java.lang.IllegalArgumentException: standardService.connector.startFailed
	at org.apache.catalina.core.StandardService.addConnector(StandardService.java:235)
	at org.springframework.boot.web.embedded.tomcat.TomcatWebServer.addPreviouslyRemovedConnectors(TomcatWebServer.java:306)
	at org.springframework.boot.web.embedded.tomcat.TomcatWebServer.start(TomcatWebServer.java:234)
	... 18 more
Caused by: org.apache.catalina.LifecycleException: Protocol handler start failed
	at org.apache.catalina.connector.Connector.startInternal(Connector.java:1046)
	at org.apache.catalina.util.LifecycleBase.start(LifecycleBase.java:171)
	at org.apache.catalina.core.StandardService.addConnector(StandardService.java:232)
	... 20 more
Caused by: java.net.BindException: Address already in use
	at java.base/sun.nio.ch.Net.bind0(Native Method)
	at java.base/sun.nio.ch.Net.bind(Net.java:555)
	at java.base/sun.nio.ch.ServerSocketChannelImpl.netBind(ServerSocketChannelImpl.java:337)
	at java.base/sun.nio.ch.ServerSocketChannelImpl.bind(ServerSocketChannelImpl.java:294)
	at org.apache.tomcat.util.net.NioEndpoint.initServerSocket(NioEndpoint.java:247)
	at org.apache.tomcat.util.net.NioEndpoint.bind(NioEndpoint.java:202)
	at org.apache.tomcat.util.net.AbstractEndpoint.bindWithCleanup(AbstractEndpoint.java:1280)
	at org.apache.tomcat.util.net.AbstractEndpoint.start(AbstractEndpoint.java:1366)
	at org.apache.coyote.AbstractProtocol.start(AbstractProtocol.java:635)
	at org.apache.catalina.connector.Connector.startInternal(Connector.java:1043)
	... 22 more
]]></error>
    <system-out><![CDATA[
  .   ____          _            __ _ _
 /\\ / ___'_ __ _ _(_)_ __  __ _ \ \ \ \
( ( )\___ | '_ | '_| | '_ \/ _` | \ \ \ \
 \\/  ___)| |_)| | | | | || (_| |  ) ) ) )
  '  |____| .__|_| |_|_| |_\__, | / / / /
 =========|_|==============|___/=/_/_/_/
 :: Spring Boot ::                (v3.2.1)

2024-02-21T22:50:48.266Z  INFO 18380 --- [           main] n.j.s.SpringbootKafkaTutorialApplication : Starting SpringbootKafkaTutorialApplication using Java 17.0.9 with PID 18380 (started by arnout.cator in /Users/arnout.cator/Dev/pa-github-devs)
2024-02-21T22:50:48.269Z  INFO 18380 --- [           main] n.j.s.SpringbootKafkaTutorialApplication : No active profile set, falling back to 1 default profile: "default"
2024-02-21T22:50:48.903Z  INFO 18380 --- [           main] o.s.b.w.embedded.tomcat.TomcatWebServer  : Tomcat initialized with port 8080 (http)
2024-02-21T22:50:48.909Z  INFO 18380 --- [           main] o.apache.catalina.core.StandardService   : Starting service [Tomcat]
2024-02-21T22:50:48.910Z  INFO 18380 --- [           main] o.apache.catalina.core.StandardEngine    : Starting Servlet engine: [Apache Tomcat/10.1.17]
2024-02-21T22:50:48.942Z  INFO 18380 --- [           main] o.a.c.c.C.[Tomcat].[localhost].[/]       : Initializing Spring embedded WebApplicationContext
2024-02-21T22:50:48.943Z  INFO 18380 --- [           main] w.s.c.ServletWebServerApplicationContext : Root WebApplicationContext: initialization completed in 648 ms
2024-02-21T22:50:49.232Z  INFO 18380 --- [           main] o.a.k.clients.admin.AdminClientConfig    : AdminClientConfig values: 
	auto.include.jmx.reporter = true
	bootstrap.servers = [localhost:9092]
	client.dns.lookup = use_all_dns_ips
	client.id = 
	connections.max.idle.ms = 300000
	default.api.timeout.ms = 60000
	metadata.max.age.ms = 300000
	metric.reporters = []
	metrics.num.samples = 2
	metrics.recording.level = INFO
	metrics.sample.window.ms = 30000
	receive.buffer.bytes = 65536
	reconnect.backoff.max.ms = 1000
	reconnect.backoff.ms = 50
	request.timeout.ms = 30000
	retries = 2147483647
	retry.backoff.ms = 100
	sasl.client.callback.handler.class = null
	sasl.jaas.config = null
	sasl.kerberos.kinit.cmd = /usr/bin/kinit
	sasl.kerberos.min.time.before.relogin = 60000
	sasl.kerberos.service.name = null
	sasl.kerberos.ticket.renew.jitter = 0.05
	sasl.kerberos.ticket.renew.window.factor = 0.8
	sasl.login.callback.handler.class = null
	sasl.login.class = null
	sasl.login.connect.timeout.ms = null
	sasl.login.read.timeout.ms = null
	sasl.login.refresh.buffer.seconds = 300
	sasl.login.refresh.min.period.seconds = 60
	sasl.login.refresh.window.factor = 0.8
	sasl.login.refresh.window.jitter = 0.05
	sasl.login.retry.backoff.max.ms = 10000
	sasl.login.retry.backoff.ms = 100
	sasl.mechanism = GSSAPI
	sasl.oauthbearer.clock.skew.seconds = 30
	sasl.oauthbearer.expected.audience = null
	sasl.oauthbearer.expected.issuer = null
	sasl.oauthbearer.jwks.endpoint.refresh.ms = 3600000
	sasl.oauthbearer.jwks.endpoint.retry.backoff.max.ms = 10000
	sasl.oauthbearer.jwks.endpoint.retry.backoff.ms = 100
	sasl.oauthbearer.jwks.endpoint.url = null
	sasl.oauthbearer.scope.claim.name = scope
	sasl.oauthbearer.sub.claim.name = sub
	sasl.oauthbearer.token.endpoint.url = null
	security.protocol = PLAINTEXT
	security.providers = null
	send.buffer.bytes = 131072
	socket.connection.setup.timeout.max.ms = 30000
	socket.connection.setup.timeout.ms = 10000
	ssl.cipher.suites = null
	ssl.enabled.protocols = [TLSv1.2, TLSv1.3]
	ssl.endpoint.identification.algorithm = https
	ssl.engine.factory.class = null
	ssl.key.password = null
	ssl.keymanager.algorithm = SunX509
	ssl.keystore.certificate.chain = null
	ssl.keystore.key = null
	ssl.keystore.location = null
	ssl.keystore.password = null
	ssl.keystore.type = JKS
	ssl.protocol = TLSv1.3
	ssl.provider = null
	ssl.secure.random.implementation = null
	ssl.trustmanager.algorithm = PKIX
	ssl.truststore.certificates = null
	ssl.truststore.location = null
	ssl.truststore.password = null
	ssl.truststore.type = JKS

2024-02-21T22:50:49.324Z  INFO 18380 --- [           main] o.a.kafka.common.utils.AppInfoParser     : Kafka version: 3.6.1
2024-02-21T22:50:49.325Z  INFO 18380 --- [           main] o.a.kafka.common.utils.AppInfoParser     : Kafka commitId: 5e3c2b738d253ff5
2024-02-21T22:50:49.325Z  INFO 18380 --- [           main] o.a.kafka.common.utils.AppInfoParser     : Kafka startTimeMs: 1708555849323
2024-02-21T22:50:49.357Z  INFO 18380 --- [| adminclient-1] org.apache.kafka.clients.NetworkClient   : [AdminClient clientId=adminclient-1] Node -1 disconnected.
2024-02-21T22:50:49.359Z  WARN 18380 --- [| adminclient-1] org.apache.kafka.clients.NetworkClient   : [AdminClient clientId=adminclient-1] Connection to node -1 (localhost/127.0.0.1:9092) could not be established. Broker may not be available.
2024-02-21T22:50:49.461Z  INFO 18380 --- [| adminclient-1] org.apache.kafka.clients.NetworkClient   : [AdminClient clientId=adminclient-1] Node -1 disconnected.
2024-02-21T22:50:49.461Z  WARN 18380 --- [| adminclient-1] org.apache.kafka.clients.NetworkClient   : [AdminClient clientId=adminclient-1] Connection to node -1 (localhost/127.0.0.1:9092) could not be established. Broker may not be available.
2024-02-21T22:50:49.563Z  INFO 18380 --- [| adminclient-1] org.apache.kafka.clients.NetworkClient   : [AdminClient clientId=adminclient-1] Node -1 disconnected.
2024-02-21T22:50:49.563Z  WARN 18380 --- [| adminclient-1] org.apache.kafka.clients.NetworkClient   : [AdminClient clientId=adminclient-1] Connection to node -1 (localhost/127.0.0.1:9092) could not be established. Broker may not be available.
2024-02-21T22:50:49.868Z  INFO 18380 --- [| adminclient-1] org.apache.kafka.clients.NetworkClient   : [AdminClient clientId=adminclient-1] Node -1 disconnected.
2024-02-21T22:50:49.869Z  WARN 18380 --- [| adminclient-1] org.apache.kafka.clients.NetworkClient   : [AdminClient clientId=adminclient-1] Connection to node -1 (localhost/127.0.0.1:9092) could not be established. Broker may not be available.
2024-02-21T22:50:50.376Z  INFO 18380 --- [| adminclient-1] org.apache.kafka.clients.NetworkClient   : [AdminClient clientId=adminclient-1] Node -1 disconnected.
2024-02-21T22:50:50.376Z  WARN 18380 --- [| adminclient-1] org.apache.kafka.clients.NetworkClient   : [AdminClient clientId=adminclient-1] Connection to node -1 (localhost/127.0.0.1:9092) could not be established. Broker may not be available.
2024-02-21T22:50:51.193Z  INFO 18380 --- [| adminclient-1] org.apache.kafka.clients.NetworkClient   : [AdminClient clientId=adminclient-1] Node -1 disconnected.
2024-02-21T22:50:51.193Z  WARN 18380 --- [| adminclient-1] org.apache.kafka.clients.NetworkClient   : [AdminClient clientId=adminclient-1] Connection to node -1 (localhost/127.0.0.1:9092) could not be established. Broker may not be available.
2024-02-21T22:50:52.208Z  INFO 18380 --- [| adminclient-1] org.apache.kafka.clients.NetworkClient   : [AdminClient clientId=adminclient-1] Node -1 disconnected.
2024-02-21T22:50:52.208Z  WARN 18380 --- [| adminclient-1] org.apache.kafka.clients.NetworkClient   : [AdminClient clientId=adminclient-1] Connection to node -1 (localhost/127.0.0.1:9092) could not be established. Broker may not be available.
2024-02-21T22:50:53.129Z  INFO 18380 --- [| adminclient-1] org.apache.kafka.clients.NetworkClient   : [AdminClient clientId=adminclient-1] Node -1 disconnected.
2024-02-21T22:50:53.129Z  WARN 18380 --- [| adminclient-1] org.apache.kafka.clients.NetworkClient   : [AdminClient clientId=adminclient-1] Connection to node -1 (localhost/127.0.0.1:9092) could not be established. Broker may not be available.
2024-02-21T22:50:54.355Z  INFO 18380 --- [| adminclient-1] org.apache.kafka.clients.NetworkClient   : [AdminClient clientId=adminclient-1] Node -1 disconnected.
2024-02-21T22:50:54.355Z  WARN 18380 --- [| adminclient-1] org.apache.kafka.clients.NetworkClient   : [AdminClient clientId=adminclient-1] Connection to node -1 (localhost/127.0.0.1:9092) could not be established. Broker may not be available.
2024-02-21T22:50:55.374Z  INFO 18380 --- [| adminclient-1] org.apache.kafka.clients.NetworkClient   : [AdminClient clientId=adminclient-1] Node -1 disconnected.
2024-02-21T22:50:55.375Z  WARN 18380 --- [| adminclient-1] org.apache.kafka.clients.NetworkClient   : [AdminClient clientId=adminclient-1] Connection to node -1 (localhost/127.0.0.1:9092) could not be established. Broker may not be available.
2024-02-21T22:50:56.392Z  INFO 18380 --- [| adminclient-1] org.apache.kafka.clients.NetworkClient   : [AdminClient clientId=adminclient-1] Node -1 disconnected.
2024-02-21T22:50:56.393Z  WARN 18380 --- [| adminclient-1] org.apache.kafka.clients.NetworkClient   : [AdminClient clientId=adminclient-1] Connection to node -1 (localhost/127.0.0.1:9092) could not be established. Broker may not be available.
2024-02-21T22:50:57.308Z  INFO 18380 --- [| adminclient-1] org.apache.kafka.clients.NetworkClient   : [AdminClient clientId=adminclient-1] Node -1 disconnected.
2024-02-21T22:50:57.310Z  WARN 18380 --- [| adminclient-1] org.apache.kafka.clients.NetworkClient   : [AdminClient clientId=adminclient-1] Connection to node -1 (localhost/127.0.0.1:9092) could not be established. Broker may not be available.
2024-02-21T22:50:58.231Z  INFO 18380 --- [| adminclient-1] org.apache.kafka.clients.NetworkClient   : [AdminClient clientId=adminclient-1] Node -1 disconnected.
2024-02-21T22:50:58.232Z  WARN 18380 --- [| adminclient-1] org.apache.kafka.clients.NetworkClient   : [AdminClient clientId=adminclient-1] Connection to node -1 (localhost/127.0.0.1:9092) could not be established. Broker may not be available.
2024-02-21T22:50:59.448Z  INFO 18380 --- [| adminclient-1] org.apache.kafka.clients.NetworkClient   : [AdminClient clientId=adminclient-1] Node -1 disconnected.
2024-02-21T22:50:59.449Z  WARN 18380 --- [| adminclient-1] org.apache.kafka.clients.NetworkClient   : [AdminClient clientId=adminclient-1] Connection to node -1 (localhost/127.0.0.1:9092) could not be established. Broker may not be available.
2024-02-21T22:51:00.266Z  INFO 18380 --- [| adminclient-1] org.apache.kafka.clients.NetworkClient   : [AdminClient clientId=adminclient-1] Node -1 disconnected.
2024-02-21T22:51:00.267Z  WARN 18380 --- [| adminclient-1] org.apache.kafka.clients.NetworkClient   : [AdminClient clientId=adminclient-1] Connection to node -1 (localhost/127.0.0.1:9092) could not be established. Broker may not be available.
2024-02-21T22:51:01.283Z  INFO 18380 --- [| adminclient-1] org.apache.kafka.clients.NetworkClient   : [AdminClient clientId=adminclient-1] Node -1 disconnected.
2024-02-21T22:51:01.284Z  WARN 18380 --- [| adminclient-1] org.apache.kafka.clients.NetworkClient   : [AdminClient clientId=adminclient-1] Connection to node -1 (localhost/127.0.0.1:9092) could not be established. Broker may not be available.
2024-02-21T22:51:02.502Z  INFO 18380 --- [| adminclient-1] org.apache.kafka.clients.NetworkClient   : [AdminClient clientId=adminclient-1] Node -1 disconnected.
2024-02-21T22:51:02.503Z  WARN 18380 --- [| adminclient-1] org.apache.kafka.clients.NetworkClient   : [AdminClient clientId=adminclient-1] Connection to node -1 (localhost/127.0.0.1:9092) could not be established. Broker may not be available.
2024-02-21T22:51:03.721Z  INFO 18380 --- [| adminclient-1] org.apache.kafka.clients.NetworkClient   : [AdminClient clientId=adminclient-1] Node -1 disconnected.
2024-02-21T22:51:03.723Z  WARN 18380 --- [| adminclient-1] org.apache.kafka.clients.NetworkClient   : [AdminClient clientId=adminclient-1] Connection to node -1 (localhost/127.0.0.1:9092) could not be established. Broker may not be available.
2024-02-21T22:51:04.836Z  INFO 18380 --- [| adminclient-1] org.apache.kafka.clients.NetworkClient   : [AdminClient clientId=adminclient-1] Node -1 disconnected.
2024-02-21T22:51:04.836Z  WARN 18380 --- [| adminclient-1] org.apache.kafka.clients.NetworkClient   : [AdminClient clientId=adminclient-1] Connection to node -1 (localhost/127.0.0.1:9092) could not be established. Broker may not be available.
2024-02-21T22:51:05.761Z  INFO 18380 --- [| adminclient-1] org.apache.kafka.clients.NetworkClient   : [AdminClient clientId=adminclient-1] Node -1 disconnected.
2024-02-21T22:51:05.763Z  WARN 18380 --- [| adminclient-1] org.apache.kafka.clients.NetworkClient   : [AdminClient clientId=adminclient-1] Connection to node -1 (localhost/127.0.0.1:9092) could not be established. Broker may not be available.
2024-02-21T22:51:06.987Z  INFO 18380 --- [| adminclient-1] org.apache.kafka.clients.NetworkClient   : [AdminClient clientId=adminclient-1] Node -1 disconnected.
2024-02-21T22:51:06.988Z  WARN 18380 --- [| adminclient-1] org.apache.kafka.clients.NetworkClient   : [AdminClient clientId=adminclient-1] Connection to node -1 (localhost/127.0.0.1:9092) could not be established. Broker may not be available.
2024-02-21T22:51:07.904Z  INFO 18380 --- [| adminclient-1] org.apache.kafka.clients.NetworkClient   : [AdminClient clientId=adminclient-1] Node -1 disconnected.
2024-02-21T22:51:07.905Z  WARN 18380 --- [| adminclient-1] org.apache.kafka.clients.NetworkClient   : [AdminClient clientId=adminclient-1] Connection to node -1 (localhost/127.0.0.1:9092) could not be established. Broker may not be available.
2024-02-21T22:51:09.021Z  INFO 18380 --- [| adminclient-1] org.apache.kafka.clients.NetworkClient   : [AdminClient clientId=adminclient-1] Node -1 disconnected.
2024-02-21T22:51:09.023Z  WARN 18380 --- [| adminclient-1] org.apache.kafka.clients.NetworkClient   : [AdminClient clientId=adminclient-1] Connection to node -1 (localhost/127.0.0.1:9092) could not be established. Broker may not be available.
2024-02-21T22:51:10.249Z  INFO 18380 --- [| adminclient-1] org.apache.kafka.clients.NetworkClient   : [AdminClient clientId=adminclient-1] Node -1 disconnected.
2024-02-21T22:51:10.249Z  WARN 18380 --- [| adminclient-1] org.apache.kafka.clients.NetworkClient   : [AdminClient clientId=adminclient-1] Connection to node -1 (localhost/127.0.0.1:9092) could not be established. Broker may not be available.
2024-02-21T22:51:11.165Z  INFO 18380 --- [| adminclient-1] org.apache.kafka.clients.NetworkClient   : [AdminClient clientId=adminclient-1] Node -1 disconnected.
2024-02-21T22:51:11.165Z  WARN 18380 --- [| adminclient-1] org.apache.kafka.clients.NetworkClient   : [AdminClient clientId=adminclient-1] Connection to node -1 (localhost/127.0.0.1:9092) could not be established. Broker may not be available.
2024-02-21T22:51:12.283Z  INFO 18380 --- [| adminclient-1] org.apache.kafka.clients.NetworkClient   : [AdminClient clientId=adminclient-1] Node -1 disconnected.
2024-02-21T22:51:12.285Z  WARN 18380 --- [| adminclient-1] org.apache.kafka.clients.NetworkClient   : [AdminClient clientId=adminclient-1] Connection to node -1 (localhost/127.0.0.1:9092) could not be established. Broker may not be available.
2024-02-21T22:51:13.201Z  INFO 18380 --- [| adminclient-1] org.apache.kafka.clients.NetworkClient   : [AdminClient clientId=adminclient-1] Node -1 disconnected.
2024-02-21T22:51:13.202Z  WARN 18380 --- [| adminclient-1] org.apache.kafka.clients.NetworkClient   : [AdminClient clientId=adminclient-1] Connection to node -1 (localhost/127.0.0.1:9092) could not be established. Broker may not be available.
2024-02-21T22:51:14.116Z  INFO 18380 --- [| adminclient-1] org.apache.kafka.clients.NetworkClient   : [AdminClient clientId=adminclient-1] Node -1 disconnected.
2024-02-21T22:51:14.117Z  WARN 18380 --- [| adminclient-1] org.apache.kafka.clients.NetworkClient   : [AdminClient clientId=adminclient-1] Connection to node -1 (localhost/127.0.0.1:9092) could not be established. Broker may not be available.
2024-02-21T22:51:15.336Z  INFO 18380 --- [| adminclient-1] org.apache.kafka.clients.NetworkClient   : [AdminClient clientId=adminclient-1] Node -1 disconnected.
2024-02-21T22:51:15.337Z  WARN 18380 --- [| adminclient-1] org.apache.kafka.clients.NetworkClient   : [AdminClient clientId=adminclient-1] Connection to node -1 (localhost/127.0.0.1:9092) could not be established. Broker may not be available.
2024-02-21T22:51:16.354Z  INFO 18380 --- [| adminclient-1] org.apache.kafka.clients.NetworkClient   : [AdminClient clientId=adminclient-1] Node -1 disconnected.
2024-02-21T22:51:16.354Z  WARN 18380 --- [| adminclient-1] org.apache.kafka.clients.NetworkClient   : [AdminClient clientId=adminclient-1] Connection to node -1 (localhost/127.0.0.1:9092) could not be established. Broker may not be available.
2024-02-21T22:51:17.478Z  INFO 18380 --- [| adminclient-1] org.apache.kafka.clients.NetworkClient   : [AdminClient clientId=adminclient-1] Node -1 disconnected.
2024-02-21T22:51:17.482Z  WARN 18380 --- [| adminclient-1] org.apache.kafka.clients.NetworkClient   : [AdminClient clientId=adminclient-1] Connection to node -1 (localhost/127.0.0.1:9092) could not be established. Broker may not be available.
2024-02-21T22:51:18.501Z  INFO 18380 --- [| adminclient-1] org.apache.kafka.clients.NetworkClient   : [AdminClient clientId=adminclient-1] Node -1 disconnected.
2024-02-21T22:51:18.502Z  WARN 18380 --- [| adminclient-1] org.apache.kafka.clients.NetworkClient   : [AdminClient clientId=adminclient-1] Connection to node -1 (localhost/127.0.0.1:9092) could not be established. Broker may not be available.
2024-02-21T22:51:19.328Z  INFO 18380 --- [| adminclient-1] o.a.k.c.a.i.AdminMetadataManager         : [AdminClient clientId=adminclient-1] Metadata update failed

org.apache.kafka.common.errors.TimeoutException: Timed out waiting for a node assignment. Call: fetchMetadata

2024-02-21T22:51:19.336Z ERROR 18380 --- [           main] o.springframework.kafka.core.KafkaAdmin  : Could not configure topics

org.springframework.kafka.KafkaException: Timed out waiting to get existing topics
	at org.springframework.kafka.core.KafkaAdmin.lambda$checkPartitions$11(KafkaAdmin.java:520) ~[spring-kafka-3.1.1.jar:3.1.1]
	at java.base/java.util.HashMap.forEach(HashMap.java:1421) ~[na:na]
	at org.springframework.kafka.core.KafkaAdmin.checkPartitions(KafkaAdmin.java:499) ~[spring-kafka-3.1.1.jar:3.1.1]
	at org.springframework.kafka.core.KafkaAdmin.addOrModifyTopicsIfNeeded(KafkaAdmin.java:392) ~[spring-kafka-3.1.1.jar:3.1.1]
	at org.springframework.kafka.core.KafkaAdmin.initialize(KafkaAdmin.java:258) ~[spring-kafka-3.1.1.jar:3.1.1]
	at org.springframework.kafka.core.KafkaAdmin.afterSingletonsInstantiated(KafkaAdmin.java:222) ~[spring-kafka-3.1.1.jar:3.1.1]
	at org.springframework.beans.factory.support.DefaultListableBeanFactory.preInstantiateSingletons(DefaultListableBeanFactory.java:986) ~[spring-beans-6.1.2.jar:6.1.2]
	at org.springframework.context.support.AbstractApplicationContext.finishBeanFactoryInitialization(AbstractApplicationContext.java:960) ~[spring-context-6.1.2.jar:6.1.2]
	at org.springframework.context.support.AbstractApplicationContext.refresh(AbstractApplicationContext.java:625) ~[spring-context-6.1.2.jar:6.1.2]
	at org.springframework.boot.web.servlet.context.ServletWebServerApplicationContext.refresh(ServletWebServerApplicationContext.java:146) ~[spring-boot-3.2.1.jar:3.2.1]
	at org.springframework.boot.SpringApplication.refresh(SpringApplication.java:762) ~[spring-boot-3.2.1.jar:3.2.1]
	at org.springframework.boot.SpringApplication.refreshContext(SpringApplication.java:464) ~[spring-boot-3.2.1.jar:3.2.1]
	at org.springframework.boot.SpringApplication.run(SpringApplication.java:334) ~[spring-boot-3.2.1.jar:3.2.1]
	at org.springframework.boot.SpringApplication.run(SpringApplication.java:1358) ~[spring-boot-3.2.1.jar:3.2.1]
	at org.springframework.boot.SpringApplication.run(SpringApplication.java:1347) ~[spring-boot-3.2.1.jar:3.2.1]
	at net.javaguides.springboot.SpringbootKafkaTutorialApplication.main(SpringbootKafkaTutorialApplication.java:16) ~[classes/:na]
	at net.javaguides.springboot.SpringbootKafkaTutorialApplicationTest.testMain(SpringbootKafkaTutorialApplicationTest.java:20) ~[test-classes/:na]
	at java.base/jdk.internal.reflect.NativeMethodAccessorImpl.invoke0(Native Method) ~[na:na]
	at java.base/jdk.internal.reflect.NativeMethodAccessorImpl.invoke(NativeMethodAccessorImpl.java:77) ~[na:na]
	at java.base/jdk.internal.reflect.DelegatingMethodAccessorImpl.invoke(DelegatingMethodAccessorImpl.java:43) ~[na:na]
	at java.base/java.lang.reflect.Method.invoke(Method.java:568) ~[na:na]
	at org.junit.platform.commons.util.ReflectionUtils.invokeMethod(ReflectionUtils.java:728) ~[junit-platform-commons-1.10.1.jar:1.10.1]
	at org.junit.jupiter.engine.execution.MethodInvocation.proceed(MethodInvocation.java:60) ~[junit-jupiter-engine-5.10.1.jar:5.10.1]
	at org.junit.jupiter.engine.execution.InvocationInterceptorChain$ValidatingInvocation.proceed(InvocationInterceptorChain.java:131) ~[junit-jupiter-engine-5.10.1.jar:5.10.1]
	at org.junit.jupiter.engine.extension.TimeoutExtension.intercept(TimeoutExtension.java:156) ~[junit-jupiter-engine-5.10.1.jar:5.10.1]
	at org.junit.jupiter.engine.extension.TimeoutExtension.interceptTestableMethod(TimeoutExtension.java:147) ~[junit-jupiter-engine-5.10.1.jar:5.10.1]
	at org.junit.jupiter.engine.extension.TimeoutExtension.interceptTestMethod(TimeoutExtension.java:86) ~[junit-jupiter-engine-5.10.1.jar:5.10.1]
	at org.junit.jupiter.engine.execution.InterceptingExecutableInvoker$ReflectiveInterceptorCall.lambda$ofVoidMethod$0(InterceptingExecutableInvoker.java:103) ~[junit-jupiter-engine-5.10.1.jar:5.10.1]
	at org.junit.jupiter.engine.execution.InterceptingExecutableInvoker.lambda$invoke$0(InterceptingExecutableInvoker.java:93) ~[junit-jupiter-engine-5.10.1.jar:5.10.1]
	at org.junit.jupiter.engine.execution.InvocationInterceptorChain$InterceptedInvocation.proceed(InvocationInterceptorChain.java:106) ~[junit-jupiter-engine-5.10.1.jar:5.10.1]
	at org.junit.jupiter.engine.execution.InvocationInterceptorChain.proceed(InvocationInterceptorChain.java:64) ~[junit-jupiter-engine-5.10.1.jar:5.10.1]
	at org.junit.jupiter.engine.execution.InvocationInterceptorChain.chainAndInvoke(InvocationInterceptorChain.java:45) ~[junit-jupiter-engine-5.10.1.jar:5.10.1]
	at org.junit.jupiter.engine.execution.InvocationInterceptorChain.invoke(InvocationInterceptorChain.java:37) ~[junit-jupiter-engine-5.10.1.jar:5.10.1]
	at org.junit.jupiter.engine.execution.InterceptingExecutableInvoker.invoke(InterceptingExecutableInvoker.java:92) ~[junit-jupiter-engine-5.10.1.jar:5.10.1]
	at org.junit.jupiter.engine.execution.InterceptingExecutableInvoker.invoke(InterceptingExecutableInvoker.java:86) ~[junit-jupiter-engine-5.10.1.jar:5.10.1]
	at org.junit.jupiter.engine.descriptor.TestMethodTestDescriptor.lambda$invokeTestMethod$7(TestMethodTestDescriptor.java:218) ~[junit-jupiter-engine-5.10.1.jar:5.10.1]
	at org.junit.platform.engine.support.hierarchical.ThrowableCollector.execute(ThrowableCollector.java:73) ~[junit-platform-engine-1.10.1.jar:1.10.1]
	at org.junit.jupiter.engine.descriptor.TestMethodTestDescriptor.invokeTestMethod(TestMethodTestDescriptor.java:214) ~[junit-jupiter-engine-5.10.1.jar:5.10.1]
	at org.junit.jupiter.engine.descriptor.TestMethodTestDescriptor.execute(TestMethodTestDescriptor.java:139) ~[junit-jupiter-engine-5.10.1.jar:5.10.1]
	at org.junit.jupiter.engine.descriptor.TestMethodTestDescriptor.execute(TestMethodTestDescriptor.java:69) ~[junit-jupiter-engine-5.10.1.jar:5.10.1]
	at org.junit.platform.engine.support.hierarchical.NodeTestTask.lambda$executeRecursively$6(NodeTestTask.java:151) ~[junit-platform-engine-1.10.1.jar:1.10.1]
	at org.junit.platform.engine.support.hierarchical.ThrowableCollector.execute(ThrowableCollector.java:73) ~[junit-platform-engine-1.10.1.jar:1.10.1]
	at org.junit.platform.engine.support.hierarchical.NodeTestTask.lambda$executeRecursively$8(NodeTestTask.java:141) ~[junit-platform-engine-1.10.1.jar:1.10.1]
	at org.junit.platform.engine.support.hierarchical.Node.around(Node.java:137) ~[junit-platform-engine-1.10.1.jar:1.10.1]
	at org.junit.platform.engine.support.hierarchical.NodeTestTask.lambda$executeRecursively$9(NodeTestTask.java:139) ~[junit-platform-engine-1.10.1.jar:1.10.1]
	at org.junit.platform.engine.support.hierarchical.ThrowableCollector.execute(ThrowableCollector.java:73) ~[junit-platform-engine-1.10.1.jar:1.10.1]
	at org.junit.platform.engine.support.hierarchical.NodeTestTask.executeRecursively(NodeTestTask.java:138) ~[junit-platform-engine-1.10.1.jar:1.10.1]
	at org.junit.platform.engine.support.hierarchical.NodeTestTask.execute(NodeTestTask.java:95) ~[junit-platform-engine-1.10.1.jar:1.10.1]
	at java.base/java.util.ArrayList.forEach(ArrayList.java:1511) ~[na:na]
	at org.junit.platform.engine.support.hierarchical.SameThreadHierarchicalTestExecutorService.invokeAll(SameThreadHierarchicalTestExecutorService.java:41) ~[junit-platform-engine-1.10.1.jar:1.10.1]
	at org.junit.platform.engine.support.hierarchical.NodeTestTask.lambda$executeRecursively$6(NodeTestTask.java:155) ~[junit-platform-engine-1.10.1.jar:1.10.1]
	at org.junit.platform.engine.support.hierarchical.ThrowableCollector.execute(ThrowableCollector.java:73) ~[junit-platform-engine-1.10.1.jar:1.10.1]
	at org.junit.platform.engine.support.hierarchical.NodeTestTask.lambda$executeRecursively$8(NodeTestTask.java:141) ~[junit-platform-engine-1.10.1.jar:1.10.1]
	at org.junit.platform.engine.support.hierarchical.Node.around(Node.java:137) ~[junit-platform-engine-1.10.1.jar:1.10.1]
	at org.junit.platform.engine.support.hierarchical.NodeTestTask.lambda$executeRecursively$9(NodeTestTask.java:139) ~[junit-platform-engine-1.10.1.jar:1.10.1]
	at org.junit.platform.engine.support.hierarchical.ThrowableCollector.execute(ThrowableCollector.java:73) ~[junit-platform-engine-1.10.1.jar:1.10.1]
	at org.junit.platform.engine.support.hierarchical.NodeTestTask.executeRecursively(NodeTestTask.java:138) ~[junit-platform-engine-1.10.1.jar:1.10.1]
	at org.junit.platform.engine.support.hierarchical.NodeTestTask.execute(NodeTestTask.java:95) ~[junit-platform-engine-1.10.1.jar:1.10.1]
	at java.base/java.util.ArrayList.forEach(ArrayList.java:1511) ~[na:na]
	at org.junit.platform.engine.support.hierarchical.SameThreadHierarchicalTestExecutorService.invokeAll(SameThreadHierarchicalTestExecutorService.java:41) ~[junit-platform-engine-1.10.1.jar:1.10.1]
	at org.junit.platform.engine.support.hierarchical.NodeTestTask.lambda$executeRecursively$6(NodeTestTask.java:155) ~[junit-platform-engine-1.10.1.jar:1.10.1]
	at org.junit.platform.engine.support.hierarchical.ThrowableCollector.execute(ThrowableCollector.java:73) ~[junit-platform-engine-1.10.1.jar:1.10.1]
	at org.junit.platform.engine.support.hierarchical.NodeTestTask.lambda$executeRecursively$8(NodeTestTask.java:141) ~[junit-platform-engine-1.10.1.jar:1.10.1]
	at org.junit.platform.engine.support.hierarchical.Node.around(Node.java:137) ~[junit-platform-engine-1.10.1.jar:1.10.1]
	at org.junit.platform.engine.support.hierarchical.NodeTestTask.lambda$executeRecursively$9(NodeTestTask.java:139) ~[junit-platform-engine-1.10.1.jar:1.10.1]
	at org.junit.platform.engine.support.hierarchical.ThrowableCollector.execute(ThrowableCollector.java:73) ~[junit-platform-engine-1.10.1.jar:1.10.1]
	at org.junit.platform.engine.support.hierarchical.NodeTestTask.executeRecursively(NodeTestTask.java:138) ~[junit-platform-engine-1.10.1.jar:1.10.1]
	at org.junit.platform.engine.support.hierarchical.NodeTestTask.execute(NodeTestTask.java:95) ~[junit-platform-engine-1.10.1.jar:1.10.1]
	at org.junit.platform.engine.support.hierarchical.SameThreadHierarchicalTestExecutorService.submit(SameThreadHierarchicalTestExecutorService.java:35) ~[junit-platform-engine-1.10.1.jar:1.10.1]
	at org.junit.platform.engine.support.hierarchical.HierarchicalTestExecutor.execute(HierarchicalTestExecutor.java:57) ~[junit-platform-engine-1.10.1.jar:1.10.1]
	at org.junit.platform.engine.support.hierarchical.HierarchicalTestEngine.execute(HierarchicalTestEngine.java:54) ~[junit-platform-engine-1.10.1.jar:1.10.1]
	at org.junit.platform.launcher.core.EngineExecutionOrchestrator.execute(EngineExecutionOrchestrator.java:198) ~[junit-platform-launcher-1.10.1.jar:1.10.1]
	at org.junit.platform.launcher.core.EngineExecutionOrchestrator.execute(EngineExecutionOrchestrator.java:169) ~[junit-platform-launcher-1.10.1.jar:1.10.1]
	at org.junit.platform.launcher.core.EngineExecutionOrchestrator.execute(EngineExecutionOrchestrator.java:93) ~[junit-platform-launcher-1.10.1.jar:1.10.1]
	at org.junit.platform.launcher.core.EngineExecutionOrchestrator.lambda$execute$0(EngineExecutionOrchestrator.java:58) ~[junit-platform-launcher-1.10.1.jar:1.10.1]
	at org.junit.platform.launcher.core.EngineExecutionOrchestrator.withInterceptedStreams(EngineExecutionOrchestrator.java:141) ~[junit-platform-launcher-1.10.1.jar:1.10.1]
	at org.junit.platform.launcher.core.EngineExecutionOrchestrator.execute(EngineExecutionOrchestrator.java:57) ~[junit-platform-launcher-1.10.1.jar:1.10.1]
	at org.junit.platform.launcher.core.DefaultLauncher.execute(DefaultLauncher.java:103) ~[junit-platform-launcher-1.10.1.jar:1.10.1]
	at org.junit.platform.launcher.core.DefaultLauncher.execute(DefaultLauncher.java:85) ~[junit-platform-launcher-1.10.1.jar:1.10.1]
	at org.junit.platform.launcher.core.DelegatingLauncher.execute(DelegatingLauncher.java:47) ~[junit-platform-launcher-1.10.1.jar:1.10.1]
	at org.apache.maven.surefire.junitplatform.LazyLauncher.execute(LazyLauncher.java:56) ~[surefire-junit-platform-3.1.2.jar:3.1.2]
	at org.apache.maven.surefire.junitplatform.JUnitPlatformProvider.execute(JUnitPlatformProvider.java:184) ~[surefire-junit-platform-3.1.2.jar:3.1.2]
	at org.apache.maven.surefire.junitplatform.JUnitPlatformProvider.invokeAllTests(JUnitPlatformProvider.java:148) ~[surefire-junit-platform-3.1.2.jar:3.1.2]
	at org.apache.maven.surefire.junitplatform.JUnitPlatformProvider.invoke(JUnitPlatformProvider.java:122) ~[surefire-junit-platform-3.1.2.jar:3.1.2]
	at org.apache.maven.surefire.booter.ForkedBooter.runSuitesInProcess(ForkedBooter.java:385) ~[surefire-booter-3.1.2.jar:3.1.2]
	at org.apache.maven.surefire.booter.ForkedBooter.execute(ForkedBooter.java:162) ~[surefire-booter-3.1.2.jar:3.1.2]
	at org.apache.maven.surefire.booter.ForkedBooter.run(ForkedBooter.java:507) ~[surefire-booter-3.1.2.jar:3.1.2]
	at org.apache.maven.surefire.booter.ForkedBooter.main(ForkedBooter.java:495) ~[surefire-booter-3.1.2.jar:3.1.2]
Caused by: java.util.concurrent.TimeoutException: null
	at java.base/java.util.concurrent.CompletableFuture.timedGet(CompletableFuture.java:1960) ~[na:na]
	at java.base/java.util.concurrent.CompletableFuture.get(CompletableFuture.java:2095) ~[na:na]
	at org.apache.kafka.common.internals.KafkaFutureImpl.get(KafkaFutureImpl.java:180) ~[kafka-clients-3.6.1.jar:na]
	at org.springframework.kafka.core.KafkaAdmin.lambda$checkPartitions$11(KafkaAdmin.java:502) ~[spring-kafka-3.1.1.jar:3.1.1]
	... 87 common frames omitted

2024-02-21T22:51:19.459Z  INFO 18380 --- [| adminclient-1] org.apache.kafka.clients.NetworkClient   : [AdminClient clientId=adminclient-1] Node -1 disconnected.
2024-02-21T22:51:19.459Z  WARN 18380 --- [| adminclient-1] org.apache.kafka.clients.NetworkClient   : [AdminClient clientId=adminclient-1] Connection to node -1 (localhost/127.0.0.1:9092) could not be established. Broker may not be available.
2024-02-21T22:51:20.675Z  INFO 18380 --- [| adminclient-1] org.apache.kafka.clients.NetworkClient   : [AdminClient clientId=adminclient-1] Node -1 disconnected.
2024-02-21T22:51:20.676Z  WARN 18380 --- [| adminclient-1] org.apache.kafka.clients.NetworkClient   : [AdminClient clientId=adminclient-1] Connection to node -1 (localhost/127.0.0.1:9092) could not be established. Broker may not be available.
2024-02-21T22:51:21.594Z  INFO 18380 --- [| adminclient-1] org.apache.kafka.clients.NetworkClient   : [AdminClient clientId=adminclient-1] Node -1 disconnected.
2024-02-21T22:51:21.595Z  WARN 18380 --- [| adminclient-1] org.apache.kafka.clients.NetworkClient   : [AdminClient clientId=adminclient-1] Connection to node -1 (localhost/127.0.0.1:9092) could not be established. Broker may not be available.
2024-02-21T22:51:22.611Z  INFO 18380 --- [| adminclient-1] org.apache.kafka.clients.NetworkClient   : [AdminClient clientId=adminclient-1] Node -1 disconnected.
2024-02-21T22:51:22.611Z  WARN 18380 --- [| adminclient-1] org.apache.kafka.clients.NetworkClient   : [AdminClient clientId=adminclient-1] Connection to node -1 (localhost/127.0.0.1:9092) could not be established. Broker may not be available.
2024-02-21T22:51:23.426Z  INFO 18380 --- [| adminclient-1] org.apache.kafka.clients.NetworkClient   : [AdminClient clientId=adminclient-1] Node -1 disconnected.
2024-02-21T22:51:23.427Z  WARN 18380 --- [| adminclient-1] org.apache.kafka.clients.NetworkClient   : [AdminClient clientId=adminclient-1] Connection to node -1 (localhost/127.0.0.1:9092) could not be established. Broker may not be available.
2024-02-21T22:51:24.336Z  INFO 18380 --- [| adminclient-1] org.apache.kafka.clients.NetworkClient   : [AdminClient clientId=adminclient-1] Node -1 disconnected.
2024-02-21T22:51:24.337Z  WARN 18380 --- [| adminclient-1] org.apache.kafka.clients.NetworkClient   : [AdminClient clientId=adminclient-1] Connection to node -1 (localhost/127.0.0.1:9092) could not be established. Broker may not be available.
2024-02-21T22:51:25.357Z  INFO 18380 --- [| adminclient-1] org.apache.kafka.clients.NetworkClient   : [AdminClient clientId=adminclient-1] Node -1 disconnected.
2024-02-21T22:51:25.358Z  WARN 18380 --- [| adminclient-1] org.apache.kafka.clients.NetworkClient   : [AdminClient clientId=adminclient-1] Connection to node -1 (localhost/127.0.0.1:9092) could not be established. Broker may not be available.
2024-02-21T22:51:26.579Z  INFO 18380 --- [| adminclient-1] org.apache.kafka.clients.NetworkClient   : [AdminClient clientId=adminclient-1] Node -1 disconnected.
2024-02-21T22:51:26.580Z  WARN 18380 --- [| adminclient-1] org.apache.kafka.clients.NetworkClient   : [AdminClient clientId=adminclient-1] Connection to node -1 (localhost/127.0.0.1:9092) could not be established. Broker may not be available.
2024-02-21T22:51:27.798Z  INFO 18380 --- [| adminclient-1] org.apache.kafka.clients.NetworkClient   : [AdminClient clientId=adminclient-1] Node -1 disconnected.
2024-02-21T22:51:27.799Z  WARN 18380 --- [| adminclient-1] org.apache.kafka.clients.NetworkClient   : [AdminClient clientId=adminclient-1] Connection to node -1 (localhost/127.0.0.1:9092) could not be established. Broker may not be available.
2024-02-21T22:51:28.822Z  INFO 18380 --- [| adminclient-1] org.apache.kafka.clients.NetworkClient   : [AdminClient clientId=adminclient-1] Node -1 disconnected.
2024-02-21T22:51:28.823Z  WARN 18380 --- [| adminclient-1] org.apache.kafka.clients.NetworkClient   : [AdminClient clientId=adminclient-1] Connection to node -1 (localhost/127.0.0.1:9092) could not be established. Broker may not be available.
2024-02-21T22:51:29.359Z  INFO 18380 --- [| adminclient-1] o.a.k.clients.admin.KafkaAdminClient     : [AdminClient clientId=adminclient-1] Forcing a hard I/O thread shutdown. Requests in progress will be aborted.
2024-02-21T22:51:29.361Z  INFO 18380 --- [| adminclient-1] o.a.kafka.common.utils.AppInfoParser     : App info kafka.admin.client for adminclient-1 unregistered
2024-02-21T22:51:29.362Z  INFO 18380 --- [| adminclient-1] o.a.k.c.a.i.AdminMetadataManager         : [AdminClient clientId=adminclient-1] Metadata update failed

org.apache.kafka.common.errors.TimeoutException: The AdminClient thread has exited. Call: fetchMetadata

2024-02-21T22:51:29.363Z  INFO 18380 --- [| adminclient-1] o.a.k.clients.admin.KafkaAdminClient     : [AdminClient clientId=adminclient-1] Timed out 2 remaining operation(s) during close.
2024-02-21T22:51:29.375Z  INFO 18380 --- [| adminclient-1] o.apache.kafka.common.metrics.Metrics    : Metrics scheduler closed
2024-02-21T22:51:29.375Z  INFO 18380 --- [| adminclient-1] o.apache.kafka.common.metrics.Metrics    : Closing reporter org.apache.kafka.common.metrics.JmxReporter
2024-02-21T22:51:29.375Z  INFO 18380 --- [| adminclient-1] o.apache.kafka.common.metrics.Metrics    : Metrics reporters closed
2024-02-21T22:51:29.399Z  INFO 18380 --- [           main] o.s.b.w.embedded.tomcat.TomcatWebServer  : Tomcat started on port 8080 (http) with context path ''
2024-02-21T22:51:29.434Z  INFO 18380 --- [           main] o.a.k.clients.consumer.ConsumerConfig    : ConsumerConfig values: 
	allow.auto.create.topics = true
	auto.commit.interval.ms = 5000
	auto.include.jmx.reporter = true
	auto.offset.reset = earliest
	bootstrap.servers = [10.42.1.5:9092, 10.42.3.10:9092, 10.42.3.9:9092]
	check.crcs = true
	client.dns.lookup = use_all_dns_ips
	client.id = consumer-myGroup-1
	client.rack = 
	connections.max.idle.ms = 540000
	default.api.timeout.ms = 60000
	enable.auto.commit = false
	exclude.internal.topics = true
	fetch.max.bytes = 52428800
	fetch.max.wait.ms = 500
	fetch.min.bytes = 1
	group.id = myGroup
	group.instance.id = null
	heartbeat.interval.ms = 3000
	interceptor.classes = []
	internal.leave.group.on.close = true
	internal.throw.on.fetch.stable.offset.unsupported = false
	isolation.level = read_uncommitted
	key.deserializer = class org.apache.kafka.common.serialization.StringDeserializer
	max.partition.fetch.bytes = 1048576
	max.poll.interval.ms = 300000
	max.poll.records = 500
	metadata.max.age.ms = 300000
	metric.reporters = []
	metrics.num.samples = 2
	metrics.recording.level = INFO
	metrics.sample.window.ms = 30000
	partition.assignment.strategy = [class org.apache.kafka.clients.consumer.RangeAssignor, class org.apache.kafka.clients.consumer.CooperativeStickyAssignor]
	receive.buffer.bytes = 65536
	reconnect.backoff.max.ms = 1000
	reconnect.backoff.ms = 50
	request.timeout.ms = 30000
	retry.backoff.ms = 100
	sasl.client.callback.handler.class = null
	sasl.jaas.config = null
	sasl.kerberos.kinit.cmd = /usr/bin/kinit
	sasl.kerberos.min.time.before.relogin = 60000
	sasl.kerberos.service.name = null
	sasl.kerberos.ticket.renew.jitter = 0.05
	sasl.kerberos.ticket.renew.window.factor = 0.8
	sasl.login.callback.handler.class = null
	sasl.login.class = null
	sasl.login.connect.timeout.ms = null
	sasl.login.read.timeout.ms = null
	sasl.login.refresh.buffer.seconds = 300
	sasl.login.refresh.min.period.seconds = 60
	sasl.login.refresh.window.factor = 0.8
	sasl.login.refresh.window.jitter = 0.05
	sasl.login.retry.backoff.max.ms = 10000
	sasl.login.retry.backoff.ms = 100
	sasl.mechanism = GSSAPI
	sasl.oauthbearer.clock.skew.seconds = 30
	sasl.oauthbearer.expected.audience = null
	sasl.oauthbearer.expected.issuer = null
	sasl.oauthbearer.jwks.endpoint.refresh.ms = 3600000
	sasl.oauthbearer.jwks.endpoint.retry.backoff.max.ms = 10000
	sasl.oauthbearer.jwks.endpoint.retry.backoff.ms = 100
	sasl.oauthbearer.jwks.endpoint.url = null
	sasl.oauthbearer.scope.claim.name = scope
	sasl.oauthbearer.sub.claim.name = sub
	sasl.oauthbearer.token.endpoint.url = null
	security.protocol = PLAINTEXT
	security.providers = null
	send.buffer.bytes = 131072
	session.timeout.ms = 45000
	socket.connection.setup.timeout.max.ms = 30000
	socket.connection.setup.timeout.ms = 10000
	ssl.cipher.suites = null
	ssl.enabled.protocols = [TLSv1.2, TLSv1.3]
	ssl.endpoint.identification.algorithm = https
	ssl.engine.factory.class = null
	ssl.key.password = null
	ssl.keymanager.algorithm = SunX509
	ssl.keystore.certificate.chain = null
	ssl.keystore.key = null
	ssl.keystore.location = null
	ssl.keystore.password = null
	ssl.keystore.type = JKS
	ssl.protocol = TLSv1.3
	ssl.provider = null
	ssl.secure.random.implementation = null
	ssl.trustmanager.algorithm = PKIX
	ssl.truststore.certificates = null
	ssl.truststore.location = null
	ssl.truststore.password = null
	ssl.truststore.type = JKS
	value.deserializer = class org.springframework.kafka.support.serializer.JsonDeserializer

2024-02-21T22:51:29.464Z  INFO 18380 --- [           main] o.a.kafka.common.utils.AppInfoParser     : Kafka version: 3.6.1
2024-02-21T22:51:29.464Z  INFO 18380 --- [           main] o.a.kafka.common.utils.AppInfoParser     : Kafka commitId: 5e3c2b738d253ff5
2024-02-21T22:51:29.464Z  INFO 18380 --- [           main] o.a.kafka.common.utils.AppInfoParser     : Kafka startTimeMs: 1708555889464
2024-02-21T22:51:29.465Z  INFO 18380 --- [           main] fkaConsumerFactory$ExtendedKafkaConsumer : [Consumer clientId=consumer-myGroup-1, groupId=myGroup] Subscribed to topic(s): javaguides_json
2024-02-21T22:51:29.469Z  INFO 18380 --- [           main] o.a.k.clients.consumer.ConsumerConfig    : ConsumerConfig values: 
	allow.auto.create.topics = true
	auto.commit.interval.ms = 5000
	auto.include.jmx.reporter = true
	auto.offset.reset = earliest
	bootstrap.servers = [10.42.1.5:9092, 10.42.3.10:9092, 10.42.3.9:9092]
	check.crcs = true
	client.dns.lookup = use_all_dns_ips
	client.id = consumer-myGroup-2
	client.rack = 
	connections.max.idle.ms = 540000
	default.api.timeout.ms = 60000
	enable.auto.commit = false
	exclude.internal.topics = true
	fetch.max.bytes = 52428800
	fetch.max.wait.ms = 500
	fetch.min.bytes = 1
	group.id = myGroup
	group.instance.id = null
	heartbeat.interval.ms = 3000
	interceptor.classes = []
	internal.leave.group.on.close = true
	internal.throw.on.fetch.stable.offset.unsupported = false
	isolation.level = read_uncommitted
	key.deserializer = class org.apache.kafka.common.serialization.StringDeserializer
	max.partition.fetch.bytes = 1048576
	max.poll.interval.ms = 300000
	max.poll.records = 500
	metadata.max.age.ms = 300000
	metric.reporters = []
	metrics.num.samples = 2
	metrics.recording.level = INFO
	metrics.sample.window.ms = 30000
	partition.assignment.strategy = [class org.apache.kafka.clients.consumer.RangeAssignor, class org.apache.kafka.clients.consumer.CooperativeStickyAssignor]
	receive.buffer.bytes = 65536
	reconnect.backoff.max.ms = 1000
	reconnect.backoff.ms = 50
	request.timeout.ms = 30000
	retry.backoff.ms = 100
	sasl.client.callback.handler.class = null
	sasl.jaas.config = null
	sasl.kerberos.kinit.cmd = /usr/bin/kinit
	sasl.kerberos.min.time.before.relogin = 60000
	sasl.kerberos.service.name = null
	sasl.kerberos.ticket.renew.jitter = 0.05
	sasl.kerberos.ticket.renew.window.factor = 0.8
	sasl.login.callback.handler.class = null
	sasl.login.class = null
	sasl.login.connect.timeout.ms = null
	sasl.login.read.timeout.ms = null
	sasl.login.refresh.buffer.seconds = 300
	sasl.login.refresh.min.period.seconds = 60
	sasl.login.refresh.window.factor = 0.8
	sasl.login.refresh.window.jitter = 0.05
	sasl.login.retry.backoff.max.ms = 10000
	sasl.login.retry.backoff.ms = 100
	sasl.mechanism = GSSAPI
	sasl.oauthbearer.clock.skew.seconds = 30
	sasl.oauthbearer.expected.audience = null
	sasl.oauthbearer.expected.issuer = null
	sasl.oauthbearer.jwks.endpoint.refresh.ms = 3600000
	sasl.oauthbearer.jwks.endpoint.retry.backoff.max.ms = 10000
	sasl.oauthbearer.jwks.endpoint.retry.backoff.ms = 100
	sasl.oauthbearer.jwks.endpoint.url = null
	sasl.oauthbearer.scope.claim.name = scope
	sasl.oauthbearer.sub.claim.name = sub
	sasl.oauthbearer.token.endpoint.url = null
	security.protocol = PLAINTEXT
	security.providers = null
	send.buffer.bytes = 131072
	session.timeout.ms = 45000
	socket.connection.setup.timeout.max.ms = 30000
	socket.connection.setup.timeout.ms = 10000
	ssl.cipher.suites = null
	ssl.enabled.protocols = [TLSv1.2, TLSv1.3]
	ssl.endpoint.identification.algorithm = https
	ssl.engine.factory.class = null
	ssl.key.password = null
	ssl.keymanager.algorithm = SunX509
	ssl.keystore.certificate.chain = null
	ssl.keystore.key = null
	ssl.keystore.location = null
	ssl.keystore.password = null
	ssl.keystore.type = JKS
	ssl.protocol = TLSv1.3
	ssl.provider = null
	ssl.secure.random.implementation = null
	ssl.trustmanager.algorithm = PKIX
	ssl.truststore.certificates = null
	ssl.truststore.location = null
	ssl.truststore.password = null
	ssl.truststore.type = JKS
	value.deserializer = class org.springframework.kafka.support.serializer.JsonDeserializer

2024-02-21T22:51:29.472Z  INFO 18380 --- [           main] o.a.kafka.common.utils.AppInfoParser     : Kafka version: 3.6.1
2024-02-21T22:51:29.472Z  INFO 18380 --- [           main] o.a.kafka.common.utils.AppInfoParser     : Kafka commitId: 5e3c2b738d253ff5
2024-02-21T22:51:29.472Z  INFO 18380 --- [           main] o.a.kafka.common.utils.AppInfoParser     : Kafka startTimeMs: 1708555889472
2024-02-21T22:51:29.472Z  INFO 18380 --- [           main] fkaConsumerFactory$ExtendedKafkaConsumer : [Consumer clientId=consumer-myGroup-2, groupId=myGroup] Subscribed to topic(s): javaguides
2024-02-21T22:51:29.478Z  INFO 18380 --- [           main] n.j.s.SpringbootKafkaTutorialApplication : Started SpringbootKafkaTutorialApplication in 41.442 seconds (process running for 43.192)

  .   ____          _            __ _ _
 /\\ / ___'_ __ _ _(_)_ __  __ _ \ \ \ \
( ( )\___ | '_ | '_| | '_ \/ _` | \ \ \ \
 \\/  ___)| |_)| | | | | || (_| |  ) ) ) )
  '  |____| .__|_| |_|_| |_\__, | / / / /
 =========|_|==============|___/=/_/_/_/
 :: Spring Boot ::                (v3.2.1)

2024-02-21T22:51:29.494Z  INFO 18380 --- [           main] o.a.maven.surefire.booter.ForkedBooter   : Starting ForkedBooter v3.1.2 using Java 17.0.9 with PID 18380 (started by arnout.cator in /Users/arnout.cator/Dev/pa-github-devs)
2024-02-21T22:51:29.494Z  INFO 18380 --- [           main] o.a.maven.surefire.booter.ForkedBooter   : No active profile set, falling back to 1 default profile: "default"
2024-02-21T22:51:29.616Z  INFO 18380 --- [           main] o.s.b.w.embedded.tomcat.TomcatWebServer  : Tomcat initialized with port 8080 (http)
2024-02-21T22:51:29.616Z  INFO 18380 --- [           main] o.apache.catalina.core.StandardService   : Starting service [Tomcat]
2024-02-21T22:51:29.617Z  INFO 18380 --- [           main] o.apache.catalina.core.StandardEngine    : Starting Servlet engine: [Apache Tomcat/10.1.17]
2024-02-21T22:51:29.629Z  INFO 18380 --- [           main] o.a.c.c.C.[Tomcat-1].[localhost].[/]     : Initializing Spring embedded WebApplicationContext
2024-02-21T22:51:29.629Z  INFO 18380 --- [           main] w.s.c.ServletWebServerApplicationContext : Root WebApplicationContext: initialization completed in 133 ms
2024-02-21T22:51:29.691Z  INFO 18380 --- [           main] o.a.k.clients.admin.AdminClientConfig    : AdminClientConfig values: 
	auto.include.jmx.reporter = true
	bootstrap.servers = [localhost:9092]
	client.dns.lookup = use_all_dns_ips
	client.id = 
	connections.max.idle.ms = 300000
	default.api.timeout.ms = 60000
	metadata.max.age.ms = 300000
	metric.reporters = []
	metrics.num.samples = 2
	metrics.recording.level = INFO
	metrics.sample.window.ms = 30000
	receive.buffer.bytes = 65536
	reconnect.backoff.max.ms = 1000
	reconnect.backoff.ms = 50
	request.timeout.ms = 30000
	retries = 2147483647
	retry.backoff.ms = 100
	sasl.client.callback.handler.class = null
	sasl.jaas.config = null
	sasl.kerberos.kinit.cmd = /usr/bin/kinit
	sasl.kerberos.min.time.before.relogin = 60000
	sasl.kerberos.service.name = null
	sasl.kerberos.ticket.renew.jitter = 0.05
	sasl.kerberos.ticket.renew.window.factor = 0.8
	sasl.login.callback.handler.class = null
	sasl.login.class = null
	sasl.login.connect.timeout.ms = null
	sasl.login.read.timeout.ms = null
	sasl.login.refresh.buffer.seconds = 300
	sasl.login.refresh.min.period.seconds = 60
	sasl.login.refresh.window.factor = 0.8
	sasl.login.refresh.window.jitter = 0.05
	sasl.login.retry.backoff.max.ms = 10000
	sasl.login.retry.backoff.ms = 100
	sasl.mechanism = GSSAPI
	sasl.oauthbearer.clock.skew.seconds = 30
	sasl.oauthbearer.expected.audience = null
	sasl.oauthbearer.expected.issuer = null
	sasl.oauthbearer.jwks.endpoint.refresh.ms = 3600000
	sasl.oauthbearer.jwks.endpoint.retry.backoff.max.ms = 10000
	sasl.oauthbearer.jwks.endpoint.retry.backoff.ms = 100
	sasl.oauthbearer.jwks.endpoint.url = null
	sasl.oauthbearer.scope.claim.name = scope
	sasl.oauthbearer.sub.claim.name = sub
	sasl.oauthbearer.token.endpoint.url = null
	security.protocol = PLAINTEXT
	security.providers = null
	send.buffer.bytes = 131072
	socket.connection.setup.timeout.max.ms = 30000
	socket.connection.setup.timeout.ms = 10000
	ssl.cipher.suites = null
	ssl.enabled.protocols = [TLSv1.2, TLSv1.3]
	ssl.endpoint.identification.algorithm = https
	ssl.engine.factory.class = null
	ssl.key.password = null
	ssl.keymanager.algorithm = SunX509
	ssl.keystore.certificate.chain = null
	ssl.keystore.key = null
	ssl.keystore.location = null
	ssl.keystore.password = null
	ssl.keystore.type = JKS
	ssl.protocol = TLSv1.3
	ssl.provider = null
	ssl.secure.random.implementation = null
	ssl.trustmanager.algorithm = PKIX
	ssl.truststore.certificates = null
	ssl.truststore.location = null
	ssl.truststore.password = null
	ssl.truststore.type = JKS

2024-02-21T22:51:29.692Z  INFO 18380 --- [           main] o.a.kafka.common.utils.AppInfoParser     : Kafka version: 3.6.1
2024-02-21T22:51:29.692Z  INFO 18380 --- [           main] o.a.kafka.common.utils.AppInfoParser     : Kafka commitId: 5e3c2b738d253ff5
2024-02-21T22:51:29.692Z  INFO 18380 --- [           main] o.a.kafka.common.utils.AppInfoParser     : Kafka startTimeMs: 1708555889692
2024-02-21T22:51:29.696Z  INFO 18380 --- [| adminclient-2] org.apache.kafka.clients.NetworkClient   : [AdminClient clientId=adminclient-2] Node -1 disconnected.
2024-02-21T22:51:29.697Z  WARN 18380 --- [| adminclient-2] org.apache.kafka.clients.NetworkClient   : [AdminClient clientId=adminclient-2] Connection to node -1 (localhost/127.0.0.1:9092) could not be established. Broker may not be available.
2024-02-21T22:51:29.798Z  INFO 18380 --- [| adminclient-2] org.apache.kafka.clients.NetworkClient   : [AdminClient clientId=adminclient-2] Node -1 disconnected.
2024-02-21T22:51:29.799Z  WARN 18380 --- [| adminclient-2] org.apache.kafka.clients.NetworkClient   : [AdminClient clientId=adminclient-2] Connection to node -1 (localhost/127.0.0.1:9092) could not be established. Broker may not be available.
2024-02-21T22:51:30.000Z  INFO 18380 --- [| adminclient-2] org.apache.kafka.clients.NetworkClient   : [AdminClient clientId=adminclient-2] Node -1 disconnected.
2024-02-21T22:51:30.000Z  WARN 18380 --- [| adminclient-2] org.apache.kafka.clients.NetworkClient   : [AdminClient clientId=adminclient-2] Connection to node -1 (localhost/127.0.0.1:9092) could not be established. Broker may not be available.
2024-02-21T22:51:30.203Z  INFO 18380 --- [| adminclient-2] org.apache.kafka.clients.NetworkClient   : [AdminClient clientId=adminclient-2] Node -1 disconnected.
2024-02-21T22:51:30.203Z  WARN 18380 --- [| adminclient-2] org.apache.kafka.clients.NetworkClient   : [AdminClient clientId=adminclient-2] Connection to node -1 (localhost/127.0.0.1:9092) could not be established. Broker may not be available.
2024-02-21T22:51:30.608Z  INFO 18380 --- [| adminclient-2] org.apache.kafka.clients.NetworkClient   : [AdminClient clientId=adminclient-2] Node -1 disconnected.
2024-02-21T22:51:30.609Z  WARN 18380 --- [| adminclient-2] org.apache.kafka.clients.NetworkClient   : [AdminClient clientId=adminclient-2] Connection to node -1 (localhost/127.0.0.1:9092) could not be established. Broker may not be available.
2024-02-21T22:51:31.524Z  INFO 18380 --- [| adminclient-2] org.apache.kafka.clients.NetworkClient   : [AdminClient clientId=adminclient-2] Node -1 disconnected.
2024-02-21T22:51:31.524Z  WARN 18380 --- [| adminclient-2] org.apache.kafka.clients.NetworkClient   : [AdminClient clientId=adminclient-2] Connection to node -1 (localhost/127.0.0.1:9092) could not be established. Broker may not be available.
2024-02-21T22:51:32.440Z  INFO 18380 --- [| adminclient-2] org.apache.kafka.clients.NetworkClient   : [AdminClient clientId=adminclient-2] Node -1 disconnected.
2024-02-21T22:51:32.440Z  WARN 18380 --- [| adminclient-2] org.apache.kafka.clients.NetworkClient   : [AdminClient clientId=adminclient-2] Connection to node -1 (localhost/127.0.0.1:9092) could not be established. Broker may not be available.
2024-02-21T22:51:33.453Z  INFO 18380 --- [| adminclient-2] org.apache.kafka.clients.NetworkClient   : [AdminClient clientId=adminclient-2] Node -1 disconnected.
2024-02-21T22:51:33.453Z  WARN 18380 --- [| adminclient-2] org.apache.kafka.clients.NetworkClient   : [AdminClient clientId=adminclient-2] Connection to node -1 (localhost/127.0.0.1:9092) could not be established. Broker may not be available.
2024-02-21T22:51:33.609Z  INFO 18380 --- [ntainer#1-0-C-1] org.apache.kafka.clients.NetworkClient   : [Consumer clientId=consumer-myGroup-2, groupId=myGroup] Node -2 disconnected.
2024-02-21T22:51:33.610Z  WARN 18380 --- [ntainer#1-0-C-1] org.apache.kafka.clients.NetworkClient   : [Consumer clientId=consumer-myGroup-2, groupId=myGroup] Connection to node -2 (/10.42.3.10:9092) could not be established. Broker may not be available.
2024-02-21T22:51:33.610Z  WARN 18380 --- [ntainer#1-0-C-1] org.apache.kafka.clients.NetworkClient   : [Consumer clientId=consumer-myGroup-2, groupId=myGroup] Bootstrap broker 10.42.3.10:9092 (id: -2 rack: null) disconnected
2024-02-21T22:51:34.566Z  INFO 18380 --- [| adminclient-2] org.apache.kafka.clients.NetworkClient   : [AdminClient clientId=adminclient-2] Node -1 disconnected.
2024-02-21T22:51:34.567Z  WARN 18380 --- [| adminclient-2] org.apache.kafka.clients.NetworkClient   : [AdminClient clientId=adminclient-2] Connection to node -1 (localhost/127.0.0.1:9092) could not be established. Broker may not be available.
2024-02-21T22:51:34.600Z  INFO 18380 --- [ntainer#0-0-C-1] org.apache.kafka.clients.NetworkClient   : [Consumer clientId=consumer-myGroup-1, groupId=myGroup] Node -3 disconnected.
2024-02-21T22:51:34.601Z  WARN 18380 --- [ntainer#0-0-C-1] org.apache.kafka.clients.NetworkClient   : [Consumer clientId=consumer-myGroup-1, groupId=myGroup] Connection to node -3 (/10.42.3.9:9092) could not be established. Broker may not be available.
2024-02-21T22:51:34.601Z  WARN 18380 --- [ntainer#0-0-C-1] org.apache.kafka.clients.NetworkClient   : [Consumer clientId=consumer-myGroup-1, groupId=myGroup] Bootstrap broker 10.42.3.9:9092 (id: -3 rack: null) disconnected
2024-02-21T22:51:35.585Z  INFO 18380 --- [| adminclient-2] org.apache.kafka.clients.NetworkClient   : [AdminClient clientId=adminclient-2] Node -1 disconnected.
2024-02-21T22:51:35.585Z  WARN 18380 --- [| adminclient-2] org.apache.kafka.clients.NetworkClient   : [AdminClient clientId=adminclient-2] Connection to node -1 (localhost/127.0.0.1:9092) could not be established. Broker may not be available.
2024-02-21T22:51:36.501Z  INFO 18380 --- [| adminclient-2] org.apache.kafka.clients.NetworkClient   : [AdminClient clientId=adminclient-2] Node -1 disconnected.
2024-02-21T22:51:36.502Z  WARN 18380 --- [| adminclient-2] org.apache.kafka.clients.NetworkClient   : [AdminClient clientId=adminclient-2] Connection to node -1 (localhost/127.0.0.1:9092) could not be established. Broker may not be available.
2024-02-21T22:51:37.414Z  INFO 18380 --- [| adminclient-2] org.apache.kafka.clients.NetworkClient   : [AdminClient clientId=adminclient-2] Node -1 disconnected.
2024-02-21T22:51:37.415Z  WARN 18380 --- [| adminclient-2] org.apache.kafka.clients.NetworkClient   : [AdminClient clientId=adminclient-2] Connection to node -1 (localhost/127.0.0.1:9092) could not be established. Broker may not be available.
2024-02-21T22:51:38.431Z  INFO 18380 --- [| adminclient-2] org.apache.kafka.clients.NetworkClient   : [AdminClient clientId=adminclient-2] Node -1 disconnected.
2024-02-21T22:51:38.432Z  WARN 18380 --- [| adminclient-2] org.apache.kafka.clients.NetworkClient   : [AdminClient clientId=adminclient-2] Connection to node -1 (localhost/127.0.0.1:9092) could not be established. Broker may not be available.
2024-02-21T22:51:38.739Z  INFO 18380 --- [ntainer#0-0-C-1] org.apache.kafka.clients.NetworkClient   : [Consumer clientId=consumer-myGroup-1, groupId=myGroup] Node -2 disconnected.
2024-02-21T22:51:38.739Z  WARN 18380 --- [ntainer#0-0-C-1] org.apache.kafka.clients.NetworkClient   : [Consumer clientId=consumer-myGroup-1, groupId=myGroup] Connection to node -2 (/10.42.3.10:9092) could not be established. Broker may not be available.
2024-02-21T22:51:38.739Z  WARN 18380 --- [ntainer#0-0-C-1] org.apache.kafka.clients.NetworkClient   : [Consumer clientId=consumer-myGroup-1, groupId=myGroup] Bootstrap broker 10.42.3.10:9092 (id: -2 rack: null) disconnected
2024-02-21T22:51:39.655Z  INFO 18380 --- [| adminclient-2] org.apache.kafka.clients.NetworkClient   : [AdminClient clientId=adminclient-2] Node -1 disconnected.
2024-02-21T22:51:39.656Z  WARN 18380 --- [| adminclient-2] org.apache.kafka.clients.NetworkClient   : [AdminClient clientId=adminclient-2] Connection to node -1 (localhost/127.0.0.1:9092) could not be established. Broker may not be available.
2024-02-21T22:51:40.873Z  INFO 18380 --- [| adminclient-2] org.apache.kafka.clients.NetworkClient   : [AdminClient clientId=adminclient-2] Node -1 disconnected.
2024-02-21T22:51:40.875Z  WARN 18380 --- [| adminclient-2] org.apache.kafka.clients.NetworkClient   : [AdminClient clientId=adminclient-2] Connection to node -1 (localhost/127.0.0.1:9092) could not be established. Broker may not be available.
2024-02-21T22:51:42.090Z  INFO 18380 --- [| adminclient-2] org.apache.kafka.clients.NetworkClient   : [AdminClient clientId=adminclient-2] Node -1 disconnected.
2024-02-21T22:51:42.091Z  WARN 18380 --- [| adminclient-2] org.apache.kafka.clients.NetworkClient   : [AdminClient clientId=adminclient-2] Connection to node -1 (localhost/127.0.0.1:9092) could not be established. Broker may not be available.
2024-02-21T22:51:42.873Z  INFO 18380 --- [ntainer#0-0-C-1] org.apache.kafka.clients.NetworkClient   : [Consumer clientId=consumer-myGroup-1, groupId=myGroup] Node -1 disconnected.
2024-02-21T22:51:42.877Z  WARN 18380 --- [ntainer#0-0-C-1] org.apache.kafka.clients.NetworkClient   : [Consumer clientId=consumer-myGroup-1, groupId=myGroup] Connection to node -1 (/10.42.1.5:9092) could not be established. Broker may not be available.
2024-02-21T22:51:42.877Z  WARN 18380 --- [ntainer#0-0-C-1] org.apache.kafka.clients.NetworkClient   : [Consumer clientId=consumer-myGroup-1, groupId=myGroup] Bootstrap broker 10.42.1.5:9092 (id: -1 rack: null) disconnected
2024-02-21T22:51:43.310Z  INFO 18380 --- [| adminclient-2] org.apache.kafka.clients.NetworkClient   : [AdminClient clientId=adminclient-2] Node -1 disconnected.
2024-02-21T22:51:43.311Z  WARN 18380 --- [| adminclient-2] org.apache.kafka.clients.NetworkClient   : [AdminClient clientId=adminclient-2] Connection to node -1 (localhost/127.0.0.1:9092) could not be established. Broker may not be available.
2024-02-21T22:51:43.740Z  INFO 18380 --- [ntainer#1-0-C-1] org.apache.kafka.clients.NetworkClient   : [Consumer clientId=consumer-myGroup-2, groupId=myGroup] Disconnecting from node -3 due to socket connection setup timeout. The timeout value is 10020 ms.
2024-02-21T22:51:43.740Z  WARN 18380 --- [ntainer#1-0-C-1] org.apache.kafka.clients.NetworkClient   : [Consumer clientId=consumer-myGroup-2, groupId=myGroup] Bootstrap broker 10.42.3.9:9092 (id: -3 rack: null) disconnected
2024-02-21T22:51:44.221Z  INFO 18380 --- [| adminclient-2] org.apache.kafka.clients.NetworkClient   : [AdminClient clientId=adminclient-2] Node -1 disconnected.
2024-02-21T22:51:44.221Z  WARN 18380 --- [| adminclient-2] org.apache.kafka.clients.NetworkClient   : [AdminClient clientId=adminclient-2] Connection to node -1 (localhost/127.0.0.1:9092) could not be established. Broker may not be available.
2024-02-21T22:51:45.434Z  INFO 18380 --- [| adminclient-2] org.apache.kafka.clients.NetworkClient   : [AdminClient clientId=adminclient-2] Node -1 disconnected.
2024-02-21T22:51:45.435Z  WARN 18380 --- [| adminclient-2] org.apache.kafka.clients.NetworkClient   : [AdminClient clientId=adminclient-2] Connection to node -1 (localhost/127.0.0.1:9092) could not be established. Broker may not be available.
2024-02-21T22:51:46.449Z  INFO 18380 --- [| adminclient-2] org.apache.kafka.clients.NetworkClient   : [AdminClient clientId=adminclient-2] Node -1 disconnected.
2024-02-21T22:51:46.450Z  WARN 18380 --- [| adminclient-2] org.apache.kafka.clients.NetworkClient   : [AdminClient clientId=adminclient-2] Connection to node -1 (localhost/127.0.0.1:9092) could not be established. Broker may not be available.
2024-02-21T22:51:47.566Z  INFO 18380 --- [| adminclient-2] org.apache.kafka.clients.NetworkClient   : [AdminClient clientId=adminclient-2] Node -1 disconnected.
2024-02-21T22:51:47.567Z  WARN 18380 --- [| adminclient-2] org.apache.kafka.clients.NetworkClient   : [AdminClient clientId=adminclient-2] Connection to node -1 (localhost/127.0.0.1:9092) could not be established. Broker may not be available.
2024-02-21T22:51:47.867Z  INFO 18380 --- [ntainer#1-0-C-1] org.apache.kafka.clients.NetworkClient   : [Consumer clientId=consumer-myGroup-2, groupId=myGroup] Node -1 disconnected.
2024-02-21T22:51:47.867Z  WARN 18380 --- [ntainer#1-0-C-1] org.apache.kafka.clients.NetworkClient   : [Consumer clientId=consumer-myGroup-2, groupId=myGroup] Connection to node -1 (/10.42.1.5:9092) could not be established. Broker may not be available.
2024-02-21T22:51:47.868Z  WARN 18380 --- [ntainer#1-0-C-1] org.apache.kafka.clients.NetworkClient   : [Consumer clientId=consumer-myGroup-2, groupId=myGroup] Bootstrap broker 10.42.1.5:9092 (id: -1 rack: null) disconnected
2024-02-21T22:51:48.577Z  INFO 18380 --- [| adminclient-2] org.apache.kafka.clients.NetworkClient   : [AdminClient clientId=adminclient-2] Node -1 disconnected.
2024-02-21T22:51:48.578Z  WARN 18380 --- [| adminclient-2] org.apache.kafka.clients.NetworkClient   : [AdminClient clientId=adminclient-2] Connection to node -1 (localhost/127.0.0.1:9092) could not be established. Broker may not be available.
2024-02-21T22:51:49.701Z  INFO 18380 --- [| adminclient-2] org.apache.kafka.clients.NetworkClient   : [AdminClient clientId=adminclient-2] Node -1 disconnected.
2024-02-21T22:51:49.703Z  WARN 18380 --- [| adminclient-2] org.apache.kafka.clients.NetworkClient   : [AdminClient clientId=adminclient-2] Connection to node -1 (localhost/127.0.0.1:9092) could not be established. Broker may not be available.
2024-02-21T22:51:50.820Z  INFO 18380 --- [| adminclient-2] org.apache.kafka.clients.NetworkClient   : [AdminClient clientId=adminclient-2] Node -1 disconnected.
2024-02-21T22:51:50.821Z  WARN 18380 --- [| adminclient-2] org.apache.kafka.clients.NetworkClient   : [AdminClient clientId=adminclient-2] Connection to node -1 (localhost/127.0.0.1:9092) could not be established. Broker may not be available.
2024-02-21T22:51:51.939Z  INFO 18380 --- [| adminclient-2] org.apache.kafka.clients.NetworkClient   : [AdminClient clientId=adminclient-2] Node -1 disconnected.
2024-02-21T22:51:51.940Z  WARN 18380 --- [| adminclient-2] org.apache.kafka.clients.NetworkClient   : [AdminClient clientId=adminclient-2] Connection to node -1 (localhost/127.0.0.1:9092) could not be established. Broker may not be available.
2024-02-21T22:51:51.988Z  INFO 18380 --- [ntainer#1-0-C-1] org.apache.kafka.clients.NetworkClient   : [Consumer clientId=consumer-myGroup-2, groupId=myGroup] Node -2 disconnected.
2024-02-21T22:51:51.988Z  WARN 18380 --- [ntainer#1-0-C-1] org.apache.kafka.clients.NetworkClient   : [Consumer clientId=consumer-myGroup-2, groupId=myGroup] Connection to node -2 (/10.42.3.10:9092) could not be established. Broker may not be available.
2024-02-21T22:51:51.989Z  WARN 18380 --- [ntainer#1-0-C-1] org.apache.kafka.clients.NetworkClient   : [Consumer clientId=consumer-myGroup-2, groupId=myGroup] Bootstrap broker 10.42.3.10:9092 (id: -2 rack: null) disconnected
2024-02-21T22:51:53.160Z  INFO 18380 --- [| adminclient-2] org.apache.kafka.clients.NetworkClient   : [AdminClient clientId=adminclient-2] Node -1 disconnected.
2024-02-21T22:51:53.160Z  WARN 18380 --- [| adminclient-2] org.apache.kafka.clients.NetworkClient   : [AdminClient clientId=adminclient-2] Connection to node -1 (localhost/127.0.0.1:9092) could not be established. Broker may not be available.
2024-02-21T22:51:54.175Z  INFO 18380 --- [| adminclient-2] org.apache.kafka.clients.NetworkClient   : [AdminClient clientId=adminclient-2] Node -1 disconnected.
2024-02-21T22:51:54.175Z  WARN 18380 --- [| adminclient-2] org.apache.kafka.clients.NetworkClient   : [AdminClient clientId=adminclient-2] Connection to node -1 (localhost/127.0.0.1:9092) could not be established. Broker may not be available.
2024-02-21T22:51:55.088Z  INFO 18380 --- [| adminclient-2] org.apache.kafka.clients.NetworkClient   : [AdminClient clientId=adminclient-2] Node -1 disconnected.
2024-02-21T22:51:55.088Z  WARN 18380 --- [| adminclient-2] org.apache.kafka.clients.NetworkClient   : [AdminClient clientId=adminclient-2] Connection to node -1 (localhost/127.0.0.1:9092) could not be established. Broker may not be available.
2024-02-21T22:51:55.999Z  INFO 18380 --- [| adminclient-2] org.apache.kafka.clients.NetworkClient   : [AdminClient clientId=adminclient-2] Node -1 disconnected.
2024-02-21T22:51:55.999Z  WARN 18380 --- [| adminclient-2] org.apache.kafka.clients.NetworkClient   : [AdminClient clientId=adminclient-2] Connection to node -1 (localhost/127.0.0.1:9092) could not be established. Broker may not be available.
2024-02-21T22:51:56.115Z  INFO 18380 --- [ntainer#1-0-C-1] org.apache.kafka.clients.NetworkClient   : [Consumer clientId=consumer-myGroup-2, groupId=myGroup] Node -3 disconnected.
2024-02-21T22:51:56.116Z  WARN 18380 --- [ntainer#1-0-C-1] org.apache.kafka.clients.NetworkClient   : [Consumer clientId=consumer-myGroup-2, groupId=myGroup] Connection to node -3 (/10.42.3.9:9092) could not be established. Broker may not be available.
2024-02-21T22:51:56.116Z  WARN 18380 --- [ntainer#1-0-C-1] org.apache.kafka.clients.NetworkClient   : [Consumer clientId=consumer-myGroup-2, groupId=myGroup] Bootstrap broker 10.42.3.9:9092 (id: -3 rack: null) disconnected
2024-02-21T22:51:56.909Z  INFO 18380 --- [| adminclient-2] org.apache.kafka.clients.NetworkClient   : [AdminClient clientId=adminclient-2] Node -1 disconnected.
2024-02-21T22:51:56.910Z  WARN 18380 --- [| adminclient-2] org.apache.kafka.clients.NetworkClient   : [AdminClient clientId=adminclient-2] Connection to node -1 (localhost/127.0.0.1:9092) could not be established. Broker may not be available.
2024-02-21T22:51:57.826Z  INFO 18380 --- [| adminclient-2] org.apache.kafka.clients.NetworkClient   : [AdminClient clientId=adminclient-2] Node -1 disconnected.
2024-02-21T22:51:57.826Z  WARN 18380 --- [| adminclient-2] org.apache.kafka.clients.NetworkClient   : [AdminClient clientId=adminclient-2] Connection to node -1 (localhost/127.0.0.1:9092) could not be established. Broker may not be available.
2024-02-21T22:51:58.838Z  INFO 18380 --- [| adminclient-2] org.apache.kafka.clients.NetworkClient   : [AdminClient clientId=adminclient-2] Node -1 disconnected.
2024-02-21T22:51:58.838Z  WARN 18380 --- [| adminclient-2] org.apache.kafka.clients.NetworkClient   : [AdminClient clientId=adminclient-2] Connection to node -1 (localhost/127.0.0.1:9092) could not be established. Broker may not be available.
2024-02-21T22:51:59.693Z  INFO 18380 --- [| adminclient-2] o.a.k.c.a.i.AdminMetadataManager         : [AdminClient clientId=adminclient-2] Metadata update failed

org.apache.kafka.common.errors.TimeoutException: Timed out waiting for a node assignment. Call: fetchMetadata

2024-02-21T22:51:59.698Z ERROR 18380 --- [           main] o.springframework.kafka.core.KafkaAdmin  : Could not configure topics

org.springframework.kafka.KafkaException: Timed out waiting to get existing topics
	at org.springframework.kafka.core.KafkaAdmin.lambda$checkPartitions$11(KafkaAdmin.java:520) ~[spring-kafka-3.1.1.jar:3.1.1]
	at java.base/java.util.HashMap.forEach(HashMap.java:1421) ~[na:na]
	at org.springframework.kafka.core.KafkaAdmin.checkPartitions(KafkaAdmin.java:499) ~[spring-kafka-3.1.1.jar:3.1.1]
	at org.springframework.kafka.core.KafkaAdmin.addOrModifyTopicsIfNeeded(KafkaAdmin.java:392) ~[spring-kafka-3.1.1.jar:3.1.1]
	at org.springframework.kafka.core.KafkaAdmin.initialize(KafkaAdmin.java:258) ~[spring-kafka-3.1.1.jar:3.1.1]
	at org.springframework.kafka.core.KafkaAdmin.afterSingletonsInstantiated(KafkaAdmin.java:222) ~[spring-kafka-3.1.1.jar:3.1.1]
	at org.springframework.beans.factory.support.DefaultListableBeanFactory.preInstantiateSingletons(DefaultListableBeanFactory.java:986) ~[spring-beans-6.1.2.jar:6.1.2]
	at org.springframework.context.support.AbstractApplicationContext.finishBeanFactoryInitialization(AbstractApplicationContext.java:960) ~[spring-context-6.1.2.jar:6.1.2]
	at org.springframework.context.support.AbstractApplicationContext.refresh(AbstractApplicationContext.java:625) ~[spring-context-6.1.2.jar:6.1.2]
	at org.springframework.boot.web.servlet.context.ServletWebServerApplicationContext.refresh(ServletWebServerApplicationContext.java:146) ~[spring-boot-3.2.1.jar:3.2.1]
	at org.springframework.boot.SpringApplication.refresh(SpringApplication.java:762) ~[spring-boot-3.2.1.jar:3.2.1]
	at org.springframework.boot.SpringApplication.refreshContext(SpringApplication.java:464) ~[spring-boot-3.2.1.jar:3.2.1]
	at org.springframework.boot.SpringApplication.run(SpringApplication.java:334) ~[spring-boot-3.2.1.jar:3.2.1]
	at org.springframework.boot.SpringApplication.run(SpringApplication.java:1358) ~[spring-boot-3.2.1.jar:3.2.1]
	at org.springframework.boot.SpringApplication.run(SpringApplication.java:1347) ~[spring-boot-3.2.1.jar:3.2.1]
	at net.javaguides.springboot.SpringbootKafkaTutorialApplicationTest.testMain(SpringbootKafkaTutorialApplicationTest.java:23) ~[test-classes/:na]
	at java.base/jdk.internal.reflect.NativeMethodAccessorImpl.invoke0(Native Method) ~[na:na]
	at java.base/jdk.internal.reflect.NativeMethodAccessorImpl.invoke(NativeMethodAccessorImpl.java:77) ~[na:na]
	at java.base/jdk.internal.reflect.DelegatingMethodAccessorImpl.invoke(DelegatingMethodAccessorImpl.java:43) ~[na:na]
	at java.base/java.lang.reflect.Method.invoke(Method.java:568) ~[na:na]
	at org.junit.platform.commons.util.ReflectionUtils.invokeMethod(ReflectionUtils.java:728) ~[junit-platform-commons-1.10.1.jar:1.10.1]
	at org.junit.jupiter.engine.execution.MethodInvocation.proceed(MethodInvocation.java:60) ~[junit-jupiter-engine-5.10.1.jar:5.10.1]
	at org.junit.jupiter.engine.execution.InvocationInterceptorChain$ValidatingInvocation.proceed(InvocationInterceptorChain.java:131) ~[junit-jupiter-engine-5.10.1.jar:5.10.1]
	at org.junit.jupiter.engine.extension.TimeoutExtension.intercept(TimeoutExtension.java:156) ~[junit-jupiter-engine-5.10.1.jar:5.10.1]
	at org.junit.jupiter.engine.extension.TimeoutExtension.interceptTestableMethod(TimeoutExtension.java:147) ~[junit-jupiter-engine-5.10.1.jar:5.10.1]
	at org.junit.jupiter.engine.extension.TimeoutExtension.interceptTestMethod(TimeoutExtension.java:86) ~[junit-jupiter-engine-5.10.1.jar:5.10.1]
	at org.junit.jupiter.engine.execution.InterceptingExecutableInvoker$ReflectiveInterceptorCall.lambda$ofVoidMethod$0(InterceptingExecutableInvoker.java:103) ~[junit-jupiter-engine-5.10.1.jar:5.10.1]
	at org.junit.jupiter.engine.execution.InterceptingExecutableInvoker.lambda$invoke$0(InterceptingExecutableInvoker.java:93) ~[junit-jupiter-engine-5.10.1.jar:5.10.1]
	at org.junit.jupiter.engine.execution.InvocationInterceptorChain$InterceptedInvocation.proceed(InvocationInterceptorChain.java:106) ~[junit-jupiter-engine-5.10.1.jar:5.10.1]
	at org.junit.jupiter.engine.execution.InvocationInterceptorChain.proceed(InvocationInterceptorChain.java:64) ~[junit-jupiter-engine-5.10.1.jar:5.10.1]
	at org.junit.jupiter.engine.execution.InvocationInterceptorChain.chainAndInvoke(InvocationInterceptorChain.java:45) ~[junit-jupiter-engine-5.10.1.jar:5.10.1]
	at org.junit.jupiter.engine.execution.InvocationInterceptorChain.invoke(InvocationInterceptorChain.java:37) ~[junit-jupiter-engine-5.10.1.jar:5.10.1]
	at org.junit.jupiter.engine.execution.InterceptingExecutableInvoker.invoke(InterceptingExecutableInvoker.java:92) ~[junit-jupiter-engine-5.10.1.jar:5.10.1]
	at org.junit.jupiter.engine.execution.InterceptingExecutableInvoker.invoke(InterceptingExecutableInvoker.java:86) ~[junit-jupiter-engine-5.10.1.jar:5.10.1]
	at org.junit.jupiter.engine.descriptor.TestMethodTestDescriptor.lambda$invokeTestMethod$7(TestMethodTestDescriptor.java:218) ~[junit-jupiter-engine-5.10.1.jar:5.10.1]
	at org.junit.platform.engine.support.hierarchical.ThrowableCollector.execute(ThrowableCollector.java:73) ~[junit-platform-engine-1.10.1.jar:1.10.1]
	at org.junit.jupiter.engine.descriptor.TestMethodTestDescriptor.invokeTestMethod(TestMethodTestDescriptor.java:214) ~[junit-jupiter-engine-5.10.1.jar:5.10.1]
	at org.junit.jupiter.engine.descriptor.TestMethodTestDescriptor.execute(TestMethodTestDescriptor.java:139) ~[junit-jupiter-engine-5.10.1.jar:5.10.1]
	at org.junit.jupiter.engine.descriptor.TestMethodTestDescriptor.execute(TestMethodTestDescriptor.java:69) ~[junit-jupiter-engine-5.10.1.jar:5.10.1]
	at org.junit.platform.engine.support.hierarchical.NodeTestTask.lambda$executeRecursively$6(NodeTestTask.java:151) ~[junit-platform-engine-1.10.1.jar:1.10.1]
	at org.junit.platform.engine.support.hierarchical.ThrowableCollector.execute(ThrowableCollector.java:73) ~[junit-platform-engine-1.10.1.jar:1.10.1]
	at org.junit.platform.engine.support.hierarchical.NodeTestTask.lambda$executeRecursively$8(NodeTestTask.java:141) ~[junit-platform-engine-1.10.1.jar:1.10.1]
	at org.junit.platform.engine.support.hierarchical.Node.around(Node.java:137) ~[junit-platform-engine-1.10.1.jar:1.10.1]
	at org.junit.platform.engine.support.hierarchical.NodeTestTask.lambda$executeRecursively$9(NodeTestTask.java:139) ~[junit-platform-engine-1.10.1.jar:1.10.1]
	at org.junit.platform.engine.support.hierarchical.ThrowableCollector.execute(ThrowableCollector.java:73) ~[junit-platform-engine-1.10.1.jar:1.10.1]
	at org.junit.platform.engine.support.hierarchical.NodeTestTask.executeRecursively(NodeTestTask.java:138) ~[junit-platform-engine-1.10.1.jar:1.10.1]
	at org.junit.platform.engine.support.hierarchical.NodeTestTask.execute(NodeTestTask.java:95) ~[junit-platform-engine-1.10.1.jar:1.10.1]
	at java.base/java.util.ArrayList.forEach(ArrayList.java:1511) ~[na:na]
	at org.junit.platform.engine.support.hierarchical.SameThreadHierarchicalTestExecutorService.invokeAll(SameThreadHierarchicalTestExecutorService.java:41) ~[junit-platform-engine-1.10.1.jar:1.10.1]
	at org.junit.platform.engine.support.hierarchical.NodeTestTask.lambda$executeRecursively$6(NodeTestTask.java:155) ~[junit-platform-engine-1.10.1.jar:1.10.1]
	at org.junit.platform.engine.support.hierarchical.ThrowableCollector.execute(ThrowableCollector.java:73) ~[junit-platform-engine-1.10.1.jar:1.10.1]
	at org.junit.platform.engine.support.hierarchical.NodeTestTask.lambda$executeRecursively$8(NodeTestTask.java:141) ~[junit-platform-engine-1.10.1.jar:1.10.1]
	at org.junit.platform.engine.support.hierarchical.Node.around(Node.java:137) ~[junit-platform-engine-1.10.1.jar:1.10.1]
	at org.junit.platform.engine.support.hierarchical.NodeTestTask.lambda$executeRecursively$9(NodeTestTask.java:139) ~[junit-platform-engine-1.10.1.jar:1.10.1]
	at org.junit.platform.engine.support.hierarchical.ThrowableCollector.execute(ThrowableCollector.java:73) ~[junit-platform-engine-1.10.1.jar:1.10.1]
	at org.junit.platform.engine.support.hierarchical.NodeTestTask.executeRecursively(NodeTestTask.java:138) ~[junit-platform-engine-1.10.1.jar:1.10.1]
	at org.junit.platform.engine.support.hierarchical.NodeTestTask.execute(NodeTestTask.java:95) ~[junit-platform-engine-1.10.1.jar:1.10.1]
	at java.base/java.util.ArrayList.forEach(ArrayList.java:1511) ~[na:na]
	at org.junit.platform.engine.support.hierarchical.SameThreadHierarchicalTestExecutorService.invokeAll(SameThreadHierarchicalTestExecutorService.java:41) ~[junit-platform-engine-1.10.1.jar:1.10.1]
	at org.junit.platform.engine.support.hierarchical.NodeTestTask.lambda$executeRecursively$6(NodeTestTask.java:155) ~[junit-platform-engine-1.10.1.jar:1.10.1]
	at org.junit.platform.engine.support.hierarchical.ThrowableCollector.execute(ThrowableCollector.java:73) ~[junit-platform-engine-1.10.1.jar:1.10.1]
	at org.junit.platform.engine.support.hierarchical.NodeTestTask.lambda$executeRecursively$8(NodeTestTask.java:141) ~[junit-platform-engine-1.10.1.jar:1.10.1]
	at org.junit.platform.engine.support.hierarchical.Node.around(Node.java:137) ~[junit-platform-engine-1.10.1.jar:1.10.1]
	at org.junit.platform.engine.support.hierarchical.NodeTestTask.lambda$executeRecursively$9(NodeTestTask.java:139) ~[junit-platform-engine-1.10.1.jar:1.10.1]
	at org.junit.platform.engine.support.hierarchical.ThrowableCollector.execute(ThrowableCollector.java:73) ~[junit-platform-engine-1.10.1.jar:1.10.1]
	at org.junit.platform.engine.support.hierarchical.NodeTestTask.executeRecursively(NodeTestTask.java:138) ~[junit-platform-engine-1.10.1.jar:1.10.1]
	at org.junit.platform.engine.support.hierarchical.NodeTestTask.execute(NodeTestTask.java:95) ~[junit-platform-engine-1.10.1.jar:1.10.1]
	at org.junit.platform.engine.support.hierarchical.SameThreadHierarchicalTestExecutorService.submit(SameThreadHierarchicalTestExecutorService.java:35) ~[junit-platform-engine-1.10.1.jar:1.10.1]
	at org.junit.platform.engine.support.hierarchical.HierarchicalTestExecutor.execute(HierarchicalTestExecutor.java:57) ~[junit-platform-engine-1.10.1.jar:1.10.1]
	at org.junit.platform.engine.support.hierarchical.HierarchicalTestEngine.execute(HierarchicalTestEngine.java:54) ~[junit-platform-engine-1.10.1.jar:1.10.1]
	at org.junit.platform.launcher.core.EngineExecutionOrchestrator.execute(EngineExecutionOrchestrator.java:198) ~[junit-platform-launcher-1.10.1.jar:1.10.1]
	at org.junit.platform.launcher.core.EngineExecutionOrchestrator.execute(EngineExecutionOrchestrator.java:169) ~[junit-platform-launcher-1.10.1.jar:1.10.1]
	at org.junit.platform.launcher.core.EngineExecutionOrchestrator.execute(EngineExecutionOrchestrator.java:93) ~[junit-platform-launcher-1.10.1.jar:1.10.1]
	at org.junit.platform.launcher.core.EngineExecutionOrchestrator.lambda$execute$0(EngineExecutionOrchestrator.java:58) ~[junit-platform-launcher-1.10.1.jar:1.10.1]
	at org.junit.platform.launcher.core.EngineExecutionOrchestrator.withInterceptedStreams(EngineExecutionOrchestrator.java:141) ~[junit-platform-launcher-1.10.1.jar:1.10.1]
	at org.junit.platform.launcher.core.EngineExecutionOrchestrator.execute(EngineExecutionOrchestrator.java:57) ~[junit-platform-launcher-1.10.1.jar:1.10.1]
	at org.junit.platform.launcher.core.DefaultLauncher.execute(DefaultLauncher.java:103) ~[junit-platform-launcher-1.10.1.jar:1.10.1]
	at org.junit.platform.launcher.core.DefaultLauncher.execute(DefaultLauncher.java:85) ~[junit-platform-launcher-1.10.1.jar:1.10.1]
	at org.junit.platform.launcher.core.DelegatingLauncher.execute(DelegatingLauncher.java:47) ~[junit-platform-launcher-1.10.1.jar:1.10.1]
	at org.apache.maven.surefire.junitplatform.LazyLauncher.execute(LazyLauncher.java:56) ~[surefire-junit-platform-3.1.2.jar:3.1.2]
	at org.apache.maven.surefire.junitplatform.JUnitPlatformProvider.execute(JUnitPlatformProvider.java:184) ~[surefire-junit-platform-3.1.2.jar:3.1.2]
	at org.apache.maven.surefire.junitplatform.JUnitPlatformProvider.invokeAllTests(JUnitPlatformProvider.java:148) ~[surefire-junit-platform-3.1.2.jar:3.1.2]
	at org.apache.maven.surefire.junitplatform.JUnitPlatformProvider.invoke(JUnitPlatformProvider.java:122) ~[surefire-junit-platform-3.1.2.jar:3.1.2]
	at org.apache.maven.surefire.booter.ForkedBooter.runSuitesInProcess(ForkedBooter.java:385) ~[surefire-booter-3.1.2.jar:3.1.2]
	at org.apache.maven.surefire.booter.ForkedBooter.execute(ForkedBooter.java:162) ~[surefire-booter-3.1.2.jar:3.1.2]
	at org.apache.maven.surefire.booter.ForkedBooter.run(ForkedBooter.java:507) ~[surefire-booter-3.1.2.jar:3.1.2]
	at org.apache.maven.surefire.booter.ForkedBooter.main(ForkedBooter.java:495) ~[surefire-booter-3.1.2.jar:3.1.2]
Caused by: java.util.concurrent.TimeoutException: null
	at java.base/java.util.concurrent.CompletableFuture.timedGet(CompletableFuture.java:1960) ~[na:na]
	at java.base/java.util.concurrent.CompletableFuture.get(CompletableFuture.java:2095) ~[na:na]
	at org.apache.kafka.common.internals.KafkaFutureImpl.get(KafkaFutureImpl.java:180) ~[kafka-clients-3.6.1.jar:na]
	at org.springframework.kafka.core.KafkaAdmin.lambda$checkPartitions$11(KafkaAdmin.java:502) ~[spring-kafka-3.1.1.jar:3.1.1]
	... 86 common frames omitted

2024-02-21T22:51:59.908Z  INFO 18380 --- [| adminclient-2] org.apache.kafka.clients.NetworkClient   : [AdminClient clientId=adminclient-2] Node -1 disconnected.
2024-02-21T22:51:59.909Z  WARN 18380 --- [| adminclient-2] org.apache.kafka.clients.NetworkClient   : [AdminClient clientId=adminclient-2] Connection to node -1 (localhost/127.0.0.1:9092) could not be established. Broker may not be available.
2024-02-21T22:52:00.245Z  INFO 18380 --- [ntainer#1-0-C-1] org.apache.kafka.clients.NetworkClient   : [Consumer clientId=consumer-myGroup-2, groupId=myGroup] Node -1 disconnected.
2024-02-21T22:52:00.245Z  WARN 18380 --- [ntainer#1-0-C-1] org.apache.kafka.clients.NetworkClient   : [Consumer clientId=consumer-myGroup-2, groupId=myGroup] Connection to node -1 (/10.42.1.5:9092) could not be established. Broker may not be available.
2024-02-21T22:52:00.246Z  WARN 18380 --- [ntainer#1-0-C-1] org.apache.kafka.clients.NetworkClient   : [Consumer clientId=consumer-myGroup-2, groupId=myGroup] Bootstrap broker 10.42.1.5:9092 (id: -1 rack: null) disconnected
2024-02-21T22:52:01.124Z  INFO 18380 --- [| adminclient-2] org.apache.kafka.clients.NetworkClient   : [AdminClient clientId=adminclient-2] Node -1 disconnected.
2024-02-21T22:52:01.124Z  WARN 18380 --- [| adminclient-2] org.apache.kafka.clients.NetworkClient   : [AdminClient clientId=adminclient-2] Connection to node -1 (localhost/127.0.0.1:9092) could not be established. Broker may not be available.
2024-02-21T22:52:02.003Z  INFO 18380 --- [ntainer#0-0-C-1] org.apache.kafka.clients.NetworkClient   : [Consumer clientId=consumer-myGroup-1, groupId=myGroup] Node -3 disconnected.
2024-02-21T22:52:02.004Z  WARN 18380 --- [ntainer#0-0-C-1] org.apache.kafka.clients.NetworkClient   : [Consumer clientId=consumer-myGroup-1, groupId=myGroup] Connection to node -3 (/10.42.3.9:9092) could not be established. Broker may not be available.
2024-02-21T22:52:02.004Z  WARN 18380 --- [ntainer#0-0-C-1] org.apache.kafka.clients.NetworkClient   : [Consumer clientId=consumer-myGroup-1, groupId=myGroup] Bootstrap broker 10.42.3.9:9092 (id: -3 rack: null) disconnected
2024-02-21T22:52:02.338Z  INFO 18380 --- [| adminclient-2] org.apache.kafka.clients.NetworkClient   : [AdminClient clientId=adminclient-2] Node -1 disconnected.
2024-02-21T22:52:02.339Z  WARN 18380 --- [| adminclient-2] org.apache.kafka.clients.NetworkClient   : [AdminClient clientId=adminclient-2] Connection to node -1 (localhost/127.0.0.1:9092) could not be established. Broker may not be available.
2024-02-21T22:52:03.251Z  INFO 18380 --- [| adminclient-2] org.apache.kafka.clients.NetworkClient   : [AdminClient clientId=adminclient-2] Node -1 disconnected.
2024-02-21T22:52:03.252Z  WARN 18380 --- [| adminclient-2] org.apache.kafka.clients.NetworkClient   : [AdminClient clientId=adminclient-2] Connection to node -1 (localhost/127.0.0.1:9092) could not be established. Broker may not be available.
2024-02-21T22:52:04.163Z  INFO 18380 --- [| adminclient-2] org.apache.kafka.clients.NetworkClient   : [AdminClient clientId=adminclient-2] Node -1 disconnected.
2024-02-21T22:52:04.164Z  WARN 18380 --- [| adminclient-2] org.apache.kafka.clients.NetworkClient   : [AdminClient clientId=adminclient-2] Connection to node -1 (localhost/127.0.0.1:9092) could not be established. Broker may not be available.
2024-02-21T22:52:05.075Z  INFO 18380 --- [| adminclient-2] org.apache.kafka.clients.NetworkClient   : [AdminClient clientId=adminclient-2] Node -1 disconnected.
2024-02-21T22:52:05.075Z  WARN 18380 --- [| adminclient-2] org.apache.kafka.clients.NetworkClient   : [AdminClient clientId=adminclient-2] Connection to node -1 (localhost/127.0.0.1:9092) could not be established. Broker may not be available.
2024-02-21T22:52:06.089Z  INFO 18380 --- [| adminclient-2] org.apache.kafka.clients.NetworkClient   : [AdminClient clientId=adminclient-2] Node -1 disconnected.
2024-02-21T22:52:06.090Z  WARN 18380 --- [| adminclient-2] org.apache.kafka.clients.NetworkClient   : [AdminClient clientId=adminclient-2] Connection to node -1 (localhost/127.0.0.1:9092) could not be established. Broker may not be available.
2024-02-21T22:52:06.128Z  INFO 18380 --- [ntainer#0-0-C-1] org.apache.kafka.clients.NetworkClient   : [Consumer clientId=consumer-myGroup-1, groupId=myGroup] Node -2 disconnected.
2024-02-21T22:52:06.129Z  WARN 18380 --- [ntainer#0-0-C-1] org.apache.kafka.clients.NetworkClient   : [Consumer clientId=consumer-myGroup-1, groupId=myGroup] Connection to node -2 (/10.42.3.10:9092) could not be established. Broker may not be available.
2024-02-21T22:52:06.129Z  WARN 18380 --- [ntainer#0-0-C-1] org.apache.kafka.clients.NetworkClient   : [Consumer clientId=consumer-myGroup-1, groupId=myGroup] Bootstrap broker 10.42.3.10:9092 (id: -2 rack: null) disconnected
2024-02-21T22:52:07.207Z  INFO 18380 --- [| adminclient-2] org.apache.kafka.clients.NetworkClient   : [AdminClient clientId=adminclient-2] Node -1 disconnected.
2024-02-21T22:52:07.208Z  WARN 18380 --- [| adminclient-2] org.apache.kafka.clients.NetworkClient   : [AdminClient clientId=adminclient-2] Connection to node -1 (localhost/127.0.0.1:9092) could not be established. Broker may not be available.
2024-02-21T22:52:08.420Z  INFO 18380 --- [| adminclient-2] org.apache.kafka.clients.NetworkClient   : [AdminClient clientId=adminclient-2] Node -1 disconnected.
2024-02-21T22:52:08.420Z  WARN 18380 --- [| adminclient-2] org.apache.kafka.clients.NetworkClient   : [AdminClient clientId=adminclient-2] Connection to node -1 (localhost/127.0.0.1:9092) could not be established. Broker may not be available.
2024-02-21T22:52:09.634Z  INFO 18380 --- [| adminclient-2] org.apache.kafka.clients.NetworkClient   : [AdminClient clientId=adminclient-2] Node -1 disconnected.
2024-02-21T22:52:09.635Z  WARN 18380 --- [| adminclient-2] org.apache.kafka.clients.NetworkClient   : [AdminClient clientId=adminclient-2] Connection to node -1 (localhost/127.0.0.1:9092) could not be established. Broker may not be available.
2024-02-21T22:52:09.705Z  INFO 18380 --- [| adminclient-2] o.a.k.clients.admin.KafkaAdminClient     : [AdminClient clientId=adminclient-2] Forcing a hard I/O thread shutdown. Requests in progress will be aborted.
2024-02-21T22:52:09.706Z  INFO 18380 --- [| adminclient-2] o.a.kafka.common.utils.AppInfoParser     : App info kafka.admin.client for adminclient-2 unregistered
2024-02-21T22:52:09.707Z  INFO 18380 --- [| adminclient-2] o.a.k.c.a.i.AdminMetadataManager         : [AdminClient clientId=adminclient-2] Metadata update failed

org.apache.kafka.common.errors.TimeoutException: The AdminClient thread has exited. Call: fetchMetadata

2024-02-21T22:52:09.707Z  INFO 18380 --- [| adminclient-2] o.a.k.clients.admin.KafkaAdminClient     : [AdminClient clientId=adminclient-2] Timed out 2 remaining operation(s) during close.
2024-02-21T22:52:09.712Z  INFO 18380 --- [| adminclient-2] o.apache.kafka.common.metrics.Metrics    : Metrics scheduler closed
2024-02-21T22:52:09.712Z  INFO 18380 --- [| adminclient-2] o.apache.kafka.common.metrics.Metrics    : Closing reporter org.apache.kafka.common.metrics.JmxReporter
2024-02-21T22:52:09.712Z  INFO 18380 --- [| adminclient-2] o.apache.kafka.common.metrics.Metrics    : Metrics reporters closed
2024-02-21T22:52:09.728Z  WARN 18380 --- [           main] ConfigServletWebServerApplicationContext : Exception encountered during context initialization - cancelling refresh attempt: org.springframework.context.ApplicationContextException: Failed to start bean 'webServerStartStop'
2024-02-21T22:52:09.742Z  INFO 18380 --- [           main] .s.b.a.l.ConditionEvaluationReportLogger : 

Error starting ApplicationContext. To display the condition evaluation report re-run your application with 'debug' enabled.
2024-02-21T22:52:09.756Z ERROR 18380 --- [           main] o.s.b.d.LoggingFailureAnalysisReporter   : 

***************************
APPLICATION FAILED TO START
***************************

Description:

Web server failed to start. Port 8080 was already in use.

Action:

Identify and stop the process that's listening on port 8080 or configure this application to listen on another port.

]]></system-out>
  </testcase>
</testsuite>